<?xml version="1.0" encoding="UTF-8"?>
<feedback>
 <message severity="verbose">The database has been cleared, elapsed time is 0.284 seconds.</message>
 <nop/>
 <message severity="error">Cannot load data file `/home/u185693/test_folder/oneAPI-samples/DirectProgramming/C++SYCL/N-BodyMethods/Nbody/advi_results_1/e000/pp000/data.0/519371.cpid' ().</message>
 <nop/>
 <message severity="verbose">Raw data has been loaded to the database, elapsed time is 0.015 seconds.</message>
 <nop/>
 <message severity="verbose">Data transformations have been finished, elapsed time is 0.004 seconds.</message>
 <nop/>
 <message severity="verbose">Symbol resolution has been finished, elapsed time is 0.023 seconds.</message>
 <nop/>
 <message severity="verbose">Deferred data transformations have been finished, elapsed time is 0.005 seconds.</message>
 <nop/>
 <message severity="verbose">Data model parameters have been set, elapsed time is 0.018 seconds.</message>
 <nop/>
 <message severity="warning">Cannot find data to precompute. Skipping the precomputation step.</message>
 <nop/>
 <message severity="verbose">Precomputing frequently used data has been finished, elapsed time is 0.012 seconds.</message>
 <nop/>
 <message severity="verbose">Redundant overtime data has been discarded, elapsed time is 0.010 seconds.</message>
 <nop/>
 <message severity="verbose">Raw collector data has been discarded, elapsed time is 0.000 seconds.</message>
 <nop/>
 <message severity="verbose">Finalizing the result took 0.421 seconds.</message>
 <nop/>
</feedback>
