
479083 : 0x44b185eb2a636f : 1 : spill_jit_data :  Jit agent is not initialized
479045 : 0x44b185eba35d43 : 2 : ittapi_config_mask_get :  --itt-config mask to be applied: 5
479045 : 0x44b185eba385b7 : 2 : ittapi_config_apply_per_lib :  ITTAPI function instrumented: __itt_domain_create
479045 : 0x44b185eba395bb : 2 : ittapi_config_apply_per_lib :  ITTAPI function instrumented: __itt_string_handle_create
479045 : 0x44b185eba3a29b : 2 : ittapi_config_apply_per_lib :  ITTAPI function instrumented: __itt_pause
479045 : 0x44b185eba3af45 : 2 : ittapi_config_apply_per_lib :  ITTAPI function instrumented: __itt_resume
479045 : 0x44b185eba3b7ef : 2 : ittapi_config_apply_per_lib :  ITTAPI function instrumented: __itt_thread_set_name
479045 : 0x44b185eba3c15b : 2 : ittapi_config_apply_per_lib :  ITTAPI function instrumented: __itt_thread_ignore
479045 : 0x44b185eba3cbbb : 2 : ittapi_config_apply_per_lib :  ITTAPI function instrumented: __itt_thr_name_set
479045 : 0x44b185eba3d62b : 2 : ittapi_config_apply_per_lib :  ITTAPI function instrumented: __itt_thr_ignore
479045 : 0x44b185ec1cc581 : 2 : ittapi_config_apply_per_lib :  ITTAPI function NOT instrumented (not matched by --itt-config option): __itt_sync_create

479045 : 0x44b185ec1d5e09 : 2 : ittapi_config_apply_per_lib :  ITTAPI function NOT instrumented (not matched by --itt-config option): __itt_sync_rename

479045 : 0x44b185ec1d9555 : 2 : ittapi_config_apply_per_lib :  ITTAPI function NOT instrumented (not matched by --itt-config option): __itt_sync_destroy

479045 : 0x44b185ec1dafb1 : 2 : ittapi_config_apply_per_lib :  ITTAPI function NOT instrumented (not matched by --itt-config option): __itt_sync_prepare

479045 : 0x44b185ec1db7bd : 2 : ittapi_config_apply_per_lib :  ITTAPI function NOT instrumented (not matched by --itt-config option): __itt_sync_cancel

479045 : 0x44b185ec1dbedb : 2 : ittapi_config_apply_per_lib :  ITTAPI function NOT instrumented (not matched by --itt-config option): __itt_sync_acquired

479045 : 0x44b185ec1dc701 : 2 : ittapi_config_apply_per_lib :  ITTAPI function NOT instrumented (not matched by --itt-config option): __itt_sync_releasing

479045 : 0x44b185ec1de979 : 2 : ittapi_config_apply_per_lib :  ITTAPI function not implemented: __itt_suppress_push
479045 : 0x44b185ec1dfaef : 2 : ittapi_config_apply_per_lib :  ITTAPI function not implemented: __itt_suppress_pop
479045 : 0x44b185ec1e07c7 : 2 : ittapi_config_apply_per_lib :  ITTAPI function not implemented: __itt_suppress_mark_range
479045 : 0x44b185ec8d0f6d : 2 : ittapi_config_apply_per_lib :  ITTAPI function not implemented: __itt_suppress_clear_range
479045 : 0x44b185ec8d93d9 : 2 : ittapi_config_apply_per_lib :  ITTAPI function NOT instrumented (not matched by --itt-config option): __itt_sync_prepare

479045 : 0x44b185ec8dc245 : 2 : ittapi_config_apply_per_lib :  ITTAPI function NOT instrumented (not matched by --itt-config option): __itt_sync_cancel

479045 : 0x44b185ec8de321 : 2 : ittapi_config_apply_per_lib :  ITTAPI function NOT instrumented (not matched by --itt-config option): __itt_sync_acquired

479045 : 0x44b185ec8e0333 : 2 : ittapi_config_apply_per_lib :  ITTAPI function NOT instrumented (not matched by --itt-config option): __itt_sync_releasing

479045 : 0x44b185ec8e2b5b : 2 : ittapi_config_apply_per_lib :  ITTAPI function NOT instrumented (not matched by --itt-config option): __itt_model_site_begin

479045 : 0x44b185ec8e5a03 : 2 : ittapi_config_apply_per_lib :  ITTAPI function NOT instrumented (not matched by --itt-config option): __itt_model_site_end

479045 : 0x44b185ec8e5fd9 : 2 : ittapi_config_apply_per_lib :  ITTAPI function NOT instrumented (not matched by --itt-config option): __itt_model_task_begin

479045 : 0x44b185ec8e66ab : 2 : ittapi_config_apply_per_lib :  ITTAPI function NOT instrumented (not matched by --itt-config option): __itt_model_task_end

479045 : 0x44b185ec8e6bf9 : 2 : ittapi_config_apply_per_lib :  ITTAPI function NOT instrumented (not matched by --itt-config option): __itt_model_lock_acquire

479045 : 0x44b185ecf9132b : 2 : ittapi_config_apply_per_lib :  ITTAPI function NOT instrumented (not matched by --itt-config option): __itt_model_lock_release

479045 : 0x44b185ecf92385 : 2 : ittapi_config_apply_per_lib :  ITTAPI function NOT instrumented (not matched by --itt-config option): __itt_model_record_allocation

479045 : 0x44b185ecf92965 : 2 : ittapi_config_apply_per_lib :  ITTAPI function NOT instrumented (not matched by --itt-config option): __itt_model_record_deallocation

479045 : 0x44b185ecf92ead : 2 : ittapi_config_apply_per_lib :  ITTAPI function NOT instrumented (not matched by --itt-config option): __itt_model_induction_uses

479045 : 0x44b185ecf93549 : 2 : ittapi_config_apply_per_lib :  ITTAPI function NOT instrumented (not matched by --itt-config option): __itt_model_reduction_uses

479045 : 0x44b185ecf93aeb : 2 : ittapi_config_apply_per_lib :  ITTAPI function NOT instrumented (not matched by --itt-config option): __itt_model_observe_uses

479045 : 0x44b185ecf94041 : 2 : ittapi_config_apply_per_lib :  ITTAPI function NOT instrumented (not matched by --itt-config option): __itt_model_clear_uses

479045 : 0x44b185ecf94597 : 2 : ittapi_config_apply_per_lib :  ITTAPI function NOT instrumented (not matched by --itt-config option): __itt_model_site_beginA

479045 : 0x44b185ecf94acb : 2 : ittapi_config_apply_per_lib :  ITTAPI function NOT instrumented (not matched by --itt-config option): __itt_model_site_beginAL

479045 : 0x44b185ecf950e1 : 2 : ittapi_config_apply_per_lib :  ITTAPI function NOT instrumented (not matched by --itt-config option): __itt_model_task_beginA

479045 : 0x44b185ed74e989 : 2 : ittapi_config_apply_per_lib :  ITTAPI function NOT instrumented (not matched by --itt-config option): __itt_model_task_beginAL

479045 : 0x44b185ed7581ef : 2 : ittapi_config_apply_per_lib :  ITTAPI function NOT instrumented (not matched by --itt-config option): __itt_model_iteration_taskA

479045 : 0x44b185ed75b35d : 2 : ittapi_config_apply_per_lib :  ITTAPI function NOT instrumented (not matched by --itt-config option): __itt_model_iteration_taskAL

479045 : 0x44b185ed75da7b : 2 : ittapi_config_apply_per_lib :  ITTAPI function NOT instrumented (not matched by --itt-config option): __itt_model_site_end_2

479045 : 0x44b185ed75e3ab : 2 : ittapi_config_apply_per_lib :  ITTAPI function NOT instrumented (not matched by --itt-config option): __itt_model_task_end_2

479045 : 0x44b185ed75eb1d : 2 : ittapi_config_apply_per_lib :  ITTAPI function NOT instrumented (not matched by --itt-config option): __itt_model_lock_acquire_2

479045 : 0x44b185ed75f3f7 : 2 : ittapi_config_apply_per_lib :  ITTAPI function NOT instrumented (not matched by --itt-config option): __itt_model_lock_release_2

479045 : 0x44b185ed75fbd9 : 2 : ittapi_config_apply_per_lib :  ITTAPI function NOT instrumented (not matched by --itt-config option): __itt_model_aggregate_task

479045 : 0x44b185ed7603b5 : 2 : ittapi_config_apply_per_lib :  ITTAPI function NOT instrumented (not matched by --itt-config option): __itt_model_disable_push

479045 : 0x44b185ed760b17 : 2 : ittapi_config_apply_per_lib :  ITTAPI function NOT instrumented (not matched by --itt-config option): __itt_model_disable_pop

479045 : 0x44b185ede83007 : 2 : ittapi_config_apply_per_lib :  ITTAPI function instrumented: __itt_heap_function_create
479045 : 0x44b185ede8913d : 2 : ittapi_config_apply_per_lib :  ITTAPI function instrumented: __itt_heap_allocate_begin
479045 : 0x44b185ede8ce87 : 2 : ittapi_config_apply_per_lib :  ITTAPI function instrumented: __itt_heap_allocate_end
479045 : 0x44b185ede90d3d : 2 : ittapi_config_apply_per_lib :  ITTAPI function instrumented: __itt_heap_free_begin
479045 : 0x44b185ede94741 : 2 : ittapi_config_apply_per_lib :  ITTAPI function instrumented: __itt_heap_free_end
479045 : 0x44b185ede978e7 : 2 : ittapi_config_apply_per_lib :  ITTAPI function instrumented: __itt_heap_reallocate_begin
479045 : 0x44b185ede98481 : 2 : ittapi_config_apply_per_lib :  ITTAPI function instrumented: __itt_heap_reallocate_end
479045 : 0x44b185ede99ca1 : 2 : ittapi_config_apply_per_lib :  ITTAPI function not implemented: __itt_heap_internal_access_begin
479045 : 0x44b185ede9a78b : 2 : ittapi_config_apply_per_lib :  ITTAPI function not implemented: __itt_heap_internal_access_end
479045 : 0x44b185ede9b121 : 2 : ittapi_config_apply_per_lib :  ITTAPI function not implemented: __itt_heap_record_memory_growth_begin
479045 : 0x44b185ee611c07 : 2 : ittapi_config_apply_per_lib :  ITTAPI function not implemented: __itt_heap_record_memory_growth_end
479045 : 0x44b185ee617719 : 2 : ittapi_config_apply_per_lib :  ITTAPI function not implemented: __itt_id_create
479045 : 0x44b185ee61ba17 : 2 : ittapi_config_apply_per_lib :  ITTAPI function not implemented: __itt_id_destroy
479045 : 0x44b185ee62009f : 2 : ittapi_config_apply_per_lib :  ITTAPI function not implemented: __itt_region_begin
479045 : 0x44b185ee62338d : 2 : ittapi_config_apply_per_lib :  ITTAPI function not implemented: __itt_region_end
479045 : 0x44b185ee623f39 : 2 : ittapi_config_apply_per_lib :  ITTAPI function instrumented: __itt_frame_begin_v3
479045 : 0x44b185ee624991 : 2 : ittapi_config_apply_per_lib :  ITTAPI function instrumented: __itt_frame_end_v3
479045 : 0x44b185ee6252a1 : 2 : ittapi_config_apply_per_lib :  ITTAPI function not implemented: __itt_task_group
479045 : 0x44b185ee625aa3 : 2 : ittapi_config_apply_per_lib :  ITTAPI function instrumented: __itt_task_begin
479045 : 0x44b185ee626143 : 2 : ittapi_config_apply_per_lib :  ITTAPI function instrumented: __itt_task_begin_fn
479045 : 0x44b185eed111c9 : 2 : ittapi_config_apply_per_lib :  ITTAPI function instrumented: __itt_task_end
479045 : 0x44b185eed15a83 : 2 : ittapi_config_apply_per_lib :  ITTAPI function NOT instrumented (not matched by --itt-config option): __itt_counter_inc_v3

479045 : 0x44b185eed18c67 : 2 : ittapi_config_apply_per_lib :  ITTAPI function NOT instrumented (not matched by --itt-config option): __itt_counter_inc_delta_v3

479045 : 0x44b185eed1d575 : 2 : ittapi_config_apply_per_lib :  ITTAPI function not implemented: __itt_marker
479045 : 0x44b185eed1f46d : 2 : ittapi_config_apply_per_lib :  ITTAPI function instrumented: __itt_metadata_add
479045 : 0x44b185eed20017 : 2 : ittapi_config_apply_per_lib :  ITTAPI function not implemented: __itt_metadata_str_add
479045 : 0x44b185eed20beb : 2 : ittapi_config_apply_per_lib :  ITTAPI function not implemented: __itt_relation_add_to_current
479045 : 0x44b185eed216e5 : 2 : ittapi_config_apply_per_lib :  ITTAPI function not implemented: __itt_relation_add
479045 : 0x44b185eed2282d : 2 : ittapi_config_apply_per_lib :  ITTAPI function instrumented: __itt_event_create
479045 : 0x44b185eed22f75 : 2 : ittapi_config_apply_per_lib :  ITTAPI function NOT instrumented (not matched by --itt-config option): __itt_event_start

479045 : 0x44b185ef4185e9 : 2 : ittapi_config_apply_per_lib :  ITTAPI function NOT instrumented (not matched by --itt-config option): __itt_event_end

479045 : 0x44b185ef41915f : 2 : ittapi_config_apply_per_lib :  ITTAPI function NOT instrumented (not matched by --itt-config option): __itt_sync_set_name

479045 : 0x44b185ef4197d9 : 2 : ittapi_config_apply_per_lib :  ITTAPI function NOT instrumented (not matched by --itt-config option): __itt_notify_sync_name

479045 : 0x44b185ef419e3b : 2 : ittapi_config_apply_per_lib :  ITTAPI function NOT instrumented (not matched by --itt-config option): __itt_notify_sync_prepare

479045 : 0x44b185ef41a39b : 2 : ittapi_config_apply_per_lib :  ITTAPI function NOT instrumented (not matched by --itt-config option): __itt_notify_sync_cancel

479045 : 0x44b185ef41a925 : 2 : ittapi_config_apply_per_lib :  ITTAPI function NOT instrumented (not matched by --itt-config option): __itt_notify_sync_acquired

479045 : 0x44b185ef41adcf : 2 : ittapi_config_apply_per_lib :  ITTAPI function NOT instrumented (not matched by --itt-config option): __itt_notify_sync_releasing

479045 : 0x44b185ef41b915 : 2 : ittapi_config_apply_per_lib :  ITTAPI function not implemented: __itt_memory_read
479045 : 0x44b185ef41c3e1 : 2 : ittapi_config_apply_per_lib :  ITTAPI function not implemented: __itt_memory_write
479045 : 0x44b185ef41ccad : 2 : ittapi_config_apply_per_lib :  ITTAPI function not implemented: __itt_memory_update
479045 : 0x44b185efca85f1 : 2 : ittapi_config_apply_per_lib :  ITTAPI function not implemented: __itt_state_get
479045 : 0x44b185efca946b : 2 : ittapi_config_apply_per_lib :  ITTAPI function not implemented: __itt_state_set
479045 : 0x44b185efca9faf : 2 : ittapi_config_apply_per_lib :  ITTAPI function not implemented: __itt_obj_mode_set
479045 : 0x44b185efcaac91 : 2 : ittapi_config_apply_per_lib :  ITTAPI function not implemented: __itt_thr_mode_set
479045 : 0x44b185efcab619 : 2 : ittapi_config_apply_per_lib :  ITTAPI function instrumented: __itt_frame_create
479045 : 0x44b185efcac0b9 : 2 : ittapi_config_apply_per_lib :  ITTAPI function instrumented: __itt_frame_begin
479045 : 0x44b185efcaca75 : 2 : ittapi_config_apply_per_lib :  ITTAPI function instrumented: __itt_frame_end
479045 : 0x44b185efcad3c3 : 2 : ittapi_config_apply_per_lib :  ITTAPI function instrumented: __itt_counter_create
479045 : 0x44b185efcadc5d : 2 : ittapi_config_apply_per_lib :  ITTAPI function NOT instrumented (not matched by --itt-config option): __itt_counter_destroy

479045 : 0x44b185efcae3d3 : 2 : ittapi_config_apply_per_lib :  ITTAPI function NOT instrumented (not matched by --itt-config option): __itt_counter_inc

479045 : 0x44b185f0349fd9 : 2 : ittapi_config_apply_per_lib :  ITTAPI function NOT instrumented (not matched by --itt-config option): __itt_counter_inc_delta

479045 : 0x44b185f0354eab : 2 : ittapi_config_apply_per_lib :  ITTAPI function not implemented: __itt_mark_create
479045 : 0x44b185f035746f : 2 : ittapi_config_apply_per_lib :  ITTAPI function not implemented: __itt_mark
479045 : 0x44b185f0357fef : 2 : ittapi_config_apply_per_lib :  ITTAPI function not implemented: __itt_mark_off
479045 : 0x44b185f0358a3b : 2 : ittapi_config_apply_per_lib :  ITTAPI function not implemented: __itt_mark_global
479045 : 0x44b185f035950b : 2 : ittapi_config_apply_per_lib :  ITTAPI function not implemented: __itt_mark_global_off
479045 : 0x44b185f0359e4b : 2 : ittapi_config_apply_per_lib :  ITTAPI function NOT instrumented (not matched by --itt-config option): __itt_stack_caller_create

479045 : 0x44b185f035a65b : 2 : ittapi_config_apply_per_lib :  ITTAPI function NOT instrumented (not matched by --itt-config option): __itt_stack_caller_destroy

479045 : 0x44b185f035aea1 : 2 : ittapi_config_apply_per_lib :  ITTAPI function NOT instrumented (not matched by --itt-config option): __itt_stack_callee_enter

479045 : 0x44b185f035b675 : 2 : ittapi_config_apply_per_lib :  ITTAPI function NOT instrumented (not matched by --itt-config option): __itt_stack_callee_leave

479045 : 0x44b185f0ac01a1 : 2 : ittapi_config_apply_per_lib :  ITTAPI function not implemented: __itt_clock_domain_create
479045 : 0x44b185f0ac58db : 2 : ittapi_config_apply_per_lib :  ITTAPI function not implemented: __itt_clock_domain_reset
479045 : 0x44b185f0ac9727 : 2 : ittapi_config_apply_per_lib :  ITTAPI function not implemented: __itt_id_create_ex
479045 : 0x44b185f0acd84b : 2 : ittapi_config_apply_per_lib :  ITTAPI function not implemented: __itt_id_destroy_ex
479045 : 0x44b185f0ad049b : 2 : ittapi_config_apply_per_lib :  ITTAPI function not implemented: __itt_task_begin_ex
479045 : 0x44b185f0ad0edd : 2 : ittapi_config_apply_per_lib :  ITTAPI function not implemented: __itt_task_begin_fn_ex
479045 : 0x44b185f0ad1983 : 2 : ittapi_config_apply_per_lib :  ITTAPI function not implemented: __itt_task_end_ex
479045 : 0x44b185f0ad247b : 2 : ittapi_config_apply_per_lib :  ITTAPI function instrumented: __itt_task_begin_overlapped
479045 : 0x44b185f0ad2eaf : 2 : ittapi_config_apply_per_lib :  ITTAPI function not implemented: __itt_task_begin_overlapped_ex
479045 : 0x44b185f0ad3a51 : 2 : ittapi_config_apply_per_lib :  ITTAPI function instrumented: __itt_task_end_overlapped
479045 : 0x44b185f10d9c63 : 2 : ittapi_config_apply_per_lib :  ITTAPI function not implemented: __itt_task_end_overlapped_ex
479045 : 0x44b185f10dfec1 : 2 : ittapi_config_apply_per_lib :  ITTAPI function not implemented: __itt_marker_ex
479045 : 0x44b185f10e3741 : 2 : ittapi_config_apply_per_lib :  ITTAPI function not implemented: __itt_metadata_add_with_scope
479045 : 0x44b185f10e6d9d : 2 : ittapi_config_apply_per_lib :  ITTAPI function not implemented: __itt_metadata_str_add_with_scope
479045 : 0x44b185f10e9e15 : 2 : ittapi_config_apply_per_lib :  ITTAPI function not implemented: __itt_relation_add_to_current_ex
479045 : 0x44b185f10ece53 : 2 : ittapi_config_apply_per_lib :  ITTAPI function not implemented: __itt_relation_add_ex
479045 : 0x44b185f10ed6c5 : 2 : ittapi_config_apply_per_lib :  ITTAPI function not implemented: __itt_track_group_create
479045 : 0x44b185f10eddb7 : 2 : ittapi_config_apply_per_lib :  ITTAPI function not implemented: __itt_track_create
479045 : 0x44b185f10ee5f3 : 2 : ittapi_config_apply_per_lib :  ITTAPI function not implemented: __itt_set_track
479045 : 0x44b185f10eedd9 : 2 : ittapi_config_apply_per_lib :  ITTAPI function instrumented: __itt_api_version
479045 : 0x44b185f1748b87 : 2 : ittapi_config_apply_per_lib :  ITTAPI function not implemented: __itt_av_save
479045 : 0x44b1860a2b5205 : 2 : ittapi_config_mask_get :  --itt-config mask to be applied: 5
479045 : 0x44b1860a2b99b3 : 2 : ittapi_config_apply_per_lib :  ITTAPI function instrumented: __itt_domain_create
479045 : 0x44b1860a2bac45 : 2 : ittapi_config_apply_per_lib :  ITTAPI function instrumented: __itt_string_handle_create
479045 : 0x44b1860a2bba1b : 2 : ittapi_config_apply_per_lib :  ITTAPI function instrumented: __itt_pause
479045 : 0x44b1860a2bc649 : 2 : ittapi_config_apply_per_lib :  ITTAPI function instrumented: __itt_resume
479045 : 0x44b1860a2bd043 : 2 : ittapi_config_apply_per_lib :  ITTAPI function instrumented: __itt_thread_set_name
479045 : 0x44b1860a2bdc3d : 2 : ittapi_config_apply_per_lib :  ITTAPI function instrumented: __itt_thread_ignore
479045 : 0x44b1860a2be7a7 : 2 : ittapi_config_apply_per_lib :  ITTAPI function instrumented: __itt_thr_name_set
479045 : 0x44b1860a2bf251 : 2 : ittapi_config_apply_per_lib :  ITTAPI function instrumented: __itt_thr_ignore
479045 : 0x44b1860b250dfd : 2 : ittapi_config_apply_per_lib :  ITTAPI function NOT instrumented (not matched by --itt-config option): __itt_sync_create

479045 : 0x44b1860b253a3d : 2 : ittapi_config_apply_per_lib :  ITTAPI function NOT instrumented (not matched by --itt-config option): __itt_sync_rename

479045 : 0x44b1860b254147 : 2 : ittapi_config_apply_per_lib :  ITTAPI function NOT instrumented (not matched by --itt-config option): __itt_sync_destroy

479045 : 0x44b1860b25476f : 2 : ittapi_config_apply_per_lib :  ITTAPI function NOT instrumented (not matched by --itt-config option): __itt_sync_prepare

479045 : 0x44b1860b254db9 : 2 : ittapi_config_apply_per_lib :  ITTAPI function NOT instrumented (not matched by --itt-config option): __itt_sync_cancel

479045 : 0x44b1860b2552e3 : 2 : ittapi_config_apply_per_lib :  ITTAPI function NOT instrumented (not matched by --itt-config option): __itt_sync_acquired

479045 : 0x44b1860b255907 : 2 : ittapi_config_apply_per_lib :  ITTAPI function NOT instrumented (not matched by --itt-config option): __itt_sync_releasing

479045 : 0x44b1860b257171 : 2 : ittapi_config_apply_per_lib :  ITTAPI function not implemented: __itt_suppress_push
479045 : 0x44b1860b258143 : 2 : ittapi_config_apply_per_lib :  ITTAPI function not implemented: __itt_suppress_pop
479045 : 0x44b1860b258cef : 2 : ittapi_config_apply_per_lib :  ITTAPI function not implemented: __itt_suppress_mark_range
479045 : 0x44b1860bb3f6f7 : 2 : ittapi_config_apply_per_lib :  ITTAPI function not implemented: __itt_suppress_clear_range
479045 : 0x44b1860bb4131f : 2 : ittapi_config_apply_per_lib :  ITTAPI function NOT instrumented (not matched by --itt-config option): __itt_sync_prepare

479045 : 0x44b1860bb42e45 : 2 : ittapi_config_apply_per_lib :  ITTAPI function NOT instrumented (not matched by --itt-config option): __itt_sync_cancel

479045 : 0x44b1860bb436a7 : 2 : ittapi_config_apply_per_lib :  ITTAPI function NOT instrumented (not matched by --itt-config option): __itt_sync_acquired

479045 : 0x44b1860bb43ebd : 2 : ittapi_config_apply_per_lib :  ITTAPI function NOT instrumented (not matched by --itt-config option): __itt_sync_releasing

479045 : 0x44b1860bb44809 : 2 : ittapi_config_apply_per_lib :  ITTAPI function NOT instrumented (not matched by --itt-config option): __itt_model_site_begin

479045 : 0x44b1860bb45291 : 2 : ittapi_config_apply_per_lib :  ITTAPI function NOT instrumented (not matched by --itt-config option): __itt_model_site_end

479045 : 0x44b1860bb45af1 : 2 : ittapi_config_apply_per_lib :  ITTAPI function NOT instrumented (not matched by --itt-config option): __itt_model_task_begin

479045 : 0x44b1860bb46461 : 2 : ittapi_config_apply_per_lib :  ITTAPI function NOT instrumented (not matched by --itt-config option): __itt_model_task_end

479045 : 0x44b1860bb46bfb : 2 : ittapi_config_apply_per_lib :  ITTAPI function NOT instrumented (not matched by --itt-config option): __itt_model_lock_acquire

479045 : 0x44b1860c41e541 : 2 : ittapi_config_apply_per_lib :  ITTAPI function NOT instrumented (not matched by --itt-config option): __itt_model_lock_release

479045 : 0x44b1860c4274b1 : 2 : ittapi_config_apply_per_lib :  ITTAPI function NOT instrumented (not matched by --itt-config option): __itt_model_record_allocation

479045 : 0x44b1860c42a7ed : 2 : ittapi_config_apply_per_lib :  ITTAPI function NOT instrumented (not matched by --itt-config option): __itt_model_record_deallocation

479045 : 0x44b1860c42d033 : 2 : ittapi_config_apply_per_lib :  ITTAPI function NOT instrumented (not matched by --itt-config option): __itt_model_induction_uses

479045 : 0x44b1860c42d983 : 2 : ittapi_config_apply_per_lib :  ITTAPI function NOT instrumented (not matched by --itt-config option): __itt_model_reduction_uses

479045 : 0x44b1860c42e11d : 2 : ittapi_config_apply_per_lib :  ITTAPI function NOT instrumented (not matched by --itt-config option): __itt_model_observe_uses

479045 : 0x44b1860c42e7ff : 2 : ittapi_config_apply_per_lib :  ITTAPI function NOT instrumented (not matched by --itt-config option): __itt_model_clear_uses

479045 : 0x44b1860c42eef1 : 2 : ittapi_config_apply_per_lib :  ITTAPI function NOT instrumented (not matched by --itt-config option): __itt_model_site_beginA

479045 : 0x44b1860c42f6bf : 2 : ittapi_config_apply_per_lib :  ITTAPI function NOT instrumented (not matched by --itt-config option): __itt_model_site_beginAL

479045 : 0x44b1860c42ff19 : 2 : ittapi_config_apply_per_lib :  ITTAPI function NOT instrumented (not matched by --itt-config option): __itt_model_task_beginA

479045 : 0x44b1860cc0bb85 : 2 : ittapi_config_apply_per_lib :  ITTAPI function NOT instrumented (not matched by --itt-config option): __itt_model_task_beginAL

479045 : 0x44b1860cc0dc73 : 2 : ittapi_config_apply_per_lib :  ITTAPI function NOT instrumented (not matched by --itt-config option): __itt_model_iteration_taskA

479045 : 0x44b1860cc0e3eb : 2 : ittapi_config_apply_per_lib :  ITTAPI function NOT instrumented (not matched by --itt-config option): __itt_model_iteration_taskAL

479045 : 0x44b1860cc0eac1 : 2 : ittapi_config_apply_per_lib :  ITTAPI function NOT instrumented (not matched by --itt-config option): __itt_model_site_end_2

479045 : 0x44b1860cc0f1eb : 2 : ittapi_config_apply_per_lib :  ITTAPI function NOT instrumented (not matched by --itt-config option): __itt_model_task_end_2

479045 : 0x44b1860cc0f7a5 : 2 : ittapi_config_apply_per_lib :  ITTAPI function NOT instrumented (not matched by --itt-config option): __itt_model_lock_acquire_2

479045 : 0x44b1860cc0fd57 : 2 : ittapi_config_apply_per_lib :  ITTAPI function NOT instrumented (not matched by --itt-config option): __itt_model_lock_release_2

479045 : 0x44b1860cc1040f : 2 : ittapi_config_apply_per_lib :  ITTAPI function NOT instrumented (not matched by --itt-config option): __itt_model_aggregate_task

479045 : 0x44b1860cc109d5 : 2 : ittapi_config_apply_per_lib :  ITTAPI function NOT instrumented (not matched by --itt-config option): __itt_model_disable_push

479045 : 0x44b1860cc10ec1 : 2 : ittapi_config_apply_per_lib :  ITTAPI function NOT instrumented (not matched by --itt-config option): __itt_model_disable_pop

479045 : 0x44b1860d445a31 : 2 : ittapi_config_apply_per_lib :  ITTAPI function instrumented: __itt_heap_function_create
479045 : 0x44b1860d44cb4d : 2 : ittapi_config_apply_per_lib :  ITTAPI function instrumented: __itt_heap_allocate_begin
479045 : 0x44b1860d44d6e9 : 2 : ittapi_config_apply_per_lib :  ITTAPI function instrumented: __itt_heap_allocate_end
479045 : 0x44b1860d44e10d : 2 : ittapi_config_apply_per_lib :  ITTAPI function instrumented: __itt_heap_free_begin
479045 : 0x44b1860d44eaaf : 2 : ittapi_config_apply_per_lib :  ITTAPI function instrumented: __itt_heap_free_end
479045 : 0x44b1860d44f42b : 2 : ittapi_config_apply_per_lib :  ITTAPI function instrumented: __itt_heap_reallocate_begin
479045 : 0x44b1860d453a99 : 2 : ittapi_config_apply_per_lib :  ITTAPI function instrumented: __itt_heap_reallocate_end
479045 : 0x44b1860d454bc5 : 2 : ittapi_config_apply_per_lib :  ITTAPI function not implemented: __itt_heap_internal_access_begin
479045 : 0x44b1860d45586d : 2 : ittapi_config_apply_per_lib :  ITTAPI function not implemented: __itt_heap_internal_access_end
479045 : 0x44b1860d45639f : 2 : ittapi_config_apply_per_lib :  ITTAPI function not implemented: __itt_heap_record_memory_growth_begin
479045 : 0x44b1860dbe5471 : 2 : ittapi_config_apply_per_lib :  ITTAPI function not implemented: __itt_heap_record_memory_growth_end
479045 : 0x44b1860dbe64e7 : 2 : ittapi_config_apply_per_lib :  ITTAPI function not implemented: __itt_id_create
479045 : 0x44b1860dbe70cd : 2 : ittapi_config_apply_per_lib :  ITTAPI function not implemented: __itt_id_destroy
479045 : 0x44b1860dbe7cbb : 2 : ittapi_config_apply_per_lib :  ITTAPI function not implemented: __itt_region_begin
479045 : 0x44b1860dbe877f : 2 : ittapi_config_apply_per_lib :  ITTAPI function not implemented: __itt_region_end
479045 : 0x44b1860dbe93d5 : 2 : ittapi_config_apply_per_lib :  ITTAPI function instrumented: __itt_frame_begin_v3
479045 : 0x44b1860dbe9fb7 : 2 : ittapi_config_apply_per_lib :  ITTAPI function instrumented: __itt_frame_end_v3
479045 : 0x44b1860dbeab6f : 2 : ittapi_config_apply_per_lib :  ITTAPI function not implemented: __itt_task_group
479045 : 0x44b1860dbeb597 : 2 : ittapi_config_apply_per_lib :  ITTAPI function instrumented: __itt_task_begin
479045 : 0x44b1860dbebee1 : 2 : ittapi_config_apply_per_lib :  ITTAPI function instrumented: __itt_task_begin_fn
479045 : 0x44b1860e3fb635 : 2 : ittapi_config_apply_per_lib :  ITTAPI function instrumented: __itt_task_end
479045 : 0x44b1860e3fc29d : 2 : ittapi_config_apply_per_lib :  ITTAPI function NOT instrumented (not matched by --itt-config option): __itt_counter_inc_v3

479045 : 0x44b1860e3fcad7 : 2 : ittapi_config_apply_per_lib :  ITTAPI function NOT instrumented (not matched by --itt-config option): __itt_counter_inc_delta_v3

479045 : 0x44b1860e3fd73d : 2 : ittapi_config_apply_per_lib :  ITTAPI function not implemented: __itt_marker
479045 : 0x44b1860e3fe0d5 : 2 : ittapi_config_apply_per_lib :  ITTAPI function instrumented: __itt_metadata_add
479045 : 0x44b1860e3fec49 : 2 : ittapi_config_apply_per_lib :  ITTAPI function not implemented: __itt_metadata_str_add
479045 : 0x44b1860e3ff90b : 2 : ittapi_config_apply_per_lib :  ITTAPI function not implemented: __itt_relation_add_to_current
479045 : 0x44b1860e400393 : 2 : ittapi_config_apply_per_lib :  ITTAPI function not implemented: __itt_relation_add
479045 : 0x44b1860e400d7d : 2 : ittapi_config_apply_per_lib :  ITTAPI function instrumented: __itt_event_create
479045 : 0x44b1860e401477 : 2 : ittapi_config_apply_per_lib :  ITTAPI function NOT instrumented (not matched by --itt-config option): __itt_event_start

479045 : 0x44b1860ec879eb : 2 : ittapi_config_apply_per_lib :  ITTAPI function NOT instrumented (not matched by --itt-config option): __itt_event_end

479045 : 0x44b1860ec886e9 : 2 : ittapi_config_apply_per_lib :  ITTAPI function NOT instrumented (not matched by --itt-config option): __itt_sync_set_name

479045 : 0x44b1860ec8909f : 2 : ittapi_config_apply_per_lib :  ITTAPI function NOT instrumented (not matched by --itt-config option): __itt_notify_sync_name

479045 : 0x44b1860ec89819 : 2 : ittapi_config_apply_per_lib :  ITTAPI function NOT instrumented (not matched by --itt-config option): __itt_notify_sync_prepare

479045 : 0x44b1860ec89f57 : 2 : ittapi_config_apply_per_lib :  ITTAPI function NOT instrumented (not matched by --itt-config option): __itt_notify_sync_cancel

479045 : 0x44b1860ec8a6c1 : 2 : ittapi_config_apply_per_lib :  ITTAPI function NOT instrumented (not matched by --itt-config option): __itt_notify_sync_acquired

479045 : 0x44b1860ec8ad61 : 2 : ittapi_config_apply_per_lib :  ITTAPI function NOT instrumented (not matched by --itt-config option): __itt_notify_sync_releasing

479045 : 0x44b1860ec8ba97 : 2 : ittapi_config_apply_per_lib :  ITTAPI function not implemented: __itt_memory_read
479045 : 0x44b1860ec8c671 : 2 : ittapi_config_apply_per_lib :  ITTAPI function not implemented: __itt_memory_write
479045 : 0x44b1860ec8d187 : 2 : ittapi_config_apply_per_lib :  ITTAPI function not implemented: __itt_memory_update
479045 : 0x44b1860f6968d3 : 2 : ittapi_config_apply_per_lib :  ITTAPI function not implemented: __itt_state_get
479045 : 0x44b1860f69c17b : 2 : ittapi_config_apply_per_lib :  ITTAPI function not implemented: __itt_state_set
479045 : 0x44b1860f6a0691 : 2 : ittapi_config_apply_per_lib :  ITTAPI function not implemented: __itt_obj_mode_set
479045 : 0x44b1860f6a4955 : 2 : ittapi_config_apply_per_lib :  ITTAPI function not implemented: __itt_thr_mode_set
479045 : 0x44b1860f6a7bdb : 2 : ittapi_config_apply_per_lib :  ITTAPI function instrumented: __itt_frame_create
479045 : 0x44b1860f6a87d7 : 2 : ittapi_config_apply_per_lib :  ITTAPI function instrumented: __itt_frame_begin
479045 : 0x44b1860f6a91eb : 2 : ittapi_config_apply_per_lib :  ITTAPI function instrumented: __itt_frame_end
479045 : 0x44b1860f6a9d3f : 2 : ittapi_config_apply_per_lib :  ITTAPI function instrumented: __itt_counter_create
479045 : 0x44b1860f6aa65f : 2 : ittapi_config_apply_per_lib :  ITTAPI function NOT instrumented (not matched by --itt-config option): __itt_counter_destroy

479045 : 0x44b1860f6aae11 : 2 : ittapi_config_apply_per_lib :  ITTAPI function NOT instrumented (not matched by --itt-config option): __itt_counter_inc

479045 : 0x44b186101706e5 : 2 : ittapi_config_apply_per_lib :  ITTAPI function NOT instrumented (not matched by --itt-config option): __itt_counter_inc_delta

479045 : 0x44b18610173355 : 2 : ittapi_config_apply_per_lib :  ITTAPI function not implemented: __itt_mark_create
479045 : 0x44b186101743c7 : 2 : ittapi_config_apply_per_lib :  ITTAPI function not implemented: __itt_mark
479045 : 0x44b18610175865 : 2 : ittapi_config_apply_per_lib :  ITTAPI function not implemented: __itt_mark_off
479045 : 0x44b18610176303 : 2 : ittapi_config_apply_per_lib :  ITTAPI function not implemented: __itt_mark_global
479045 : 0x44b18610176eaf : 2 : ittapi_config_apply_per_lib :  ITTAPI function not implemented: __itt_mark_global_off
479045 : 0x44b186101776bf : 2 : ittapi_config_apply_per_lib :  ITTAPI function NOT instrumented (not matched by --itt-config option): __itt_stack_caller_create

479045 : 0x44b1861017800f : 2 : ittapi_config_apply_per_lib :  ITTAPI function NOT instrumented (not matched by --itt-config option): __itt_stack_caller_destroy

479045 : 0x44b18610178881 : 2 : ittapi_config_apply_per_lib :  ITTAPI function NOT instrumented (not matched by --itt-config option): __itt_stack_callee_enter

479045 : 0x44b18610178ffd : 2 : ittapi_config_apply_per_lib :  ITTAPI function NOT instrumented (not matched by --itt-config option): __itt_stack_callee_leave

479045 : 0x44b18610998dc9 : 2 : ittapi_config_apply_per_lib :  ITTAPI function not implemented: __itt_clock_domain_create
479045 : 0x44b1861099a0e9 : 2 : ittapi_config_apply_per_lib :  ITTAPI function not implemented: __itt_clock_domain_reset
479045 : 0x44b1861099abfb : 2 : ittapi_config_apply_per_lib :  ITTAPI function not implemented: __itt_id_create_ex
479045 : 0x44b1861099b715 : 2 : ittapi_config_apply_per_lib :  ITTAPI function not implemented: __itt_id_destroy_ex
479045 : 0x44b1861099c20f : 2 : ittapi_config_apply_per_lib :  ITTAPI function not implemented: __itt_task_begin_ex
479045 : 0x44b1861099cc8b : 2 : ittapi_config_apply_per_lib :  ITTAPI function not implemented: __itt_task_begin_fn_ex
479045 : 0x44b1861099d71b : 2 : ittapi_config_apply_per_lib :  ITTAPI function not implemented: __itt_task_end_ex
479045 : 0x44b1861099e51f : 2 : ittapi_config_apply_per_lib :  ITTAPI function instrumented: __itt_task_begin_overlapped
479045 : 0x44b1861099f105 : 2 : ittapi_config_apply_per_lib :  ITTAPI function not implemented: __itt_task_begin_overlapped_ex
479045 : 0x44b1861099fc21 : 2 : ittapi_config_apply_per_lib :  ITTAPI function instrumented: __itt_task_end_overlapped
479045 : 0x44b186112ae809 : 2 : ittapi_config_apply_per_lib :  ITTAPI function not implemented: __itt_task_end_overlapped_ex
479045 : 0x44b186112b50ef : 2 : ittapi_config_apply_per_lib :  ITTAPI function not implemented: __itt_marker_ex
479045 : 0x44b186112b9707 : 2 : ittapi_config_apply_per_lib :  ITTAPI function not implemented: __itt_metadata_add_with_scope
479045 : 0x44b186112bdb01 : 2 : ittapi_config_apply_per_lib :  ITTAPI function not implemented: __itt_metadata_str_add_with_scope
479045 : 0x44b186112c155b : 2 : ittapi_config_apply_per_lib :  ITTAPI function not implemented: __itt_relation_add_to_current_ex
479045 : 0x44b186112c5611 : 2 : ittapi_config_apply_per_lib :  ITTAPI function not implemented: __itt_relation_add_ex
479045 : 0x44b186112c6099 : 2 : ittapi_config_apply_per_lib :  ITTAPI function not implemented: __itt_track_group_create
479045 : 0x44b186112c6a1d : 2 : ittapi_config_apply_per_lib :  ITTAPI function not implemented: __itt_track_create
479045 : 0x44b186112c74fd : 2 : ittapi_config_apply_per_lib :  ITTAPI function not implemented: __itt_set_track
479045 : 0x44b186112c7e79 : 2 : ittapi_config_apply_per_lib :  ITTAPI function instrumented: __itt_api_version
479045 : 0x44b18611b007bf : 2 : ittapi_config_apply_per_lib :  ITTAPI function not implemented: __itt_av_save