10 [140359266187136] INFO perfrun.launcher <> - Launcher main begin
17 [140359266187136] INFO perfrun.launcher <> - MessageCatalogInit finished
17 [140359266187136] INFO perfrun.launcher <> - Launcher instance created
17 [140359266187136] INFO perfrun.launcher <> - argc = 7; cmdline = /glob/development-tools/versions/oneapi/2023.0.1/oneapi/vtune/2023.0.0/bin64/amplxe-runss --ui-output-format xml --ui-output-fd 5 --option-file /home/u185693/test_folder/oneAPI-samples/DirectProgramming/C++SYCL/N-BodyMethods/Nbody/r000gh/config/runsa.options 
114 [140359266187136] INFO perfrun.launcher <> - create msngr2::ICliToolContext
114 [140359266187136] INFO perfrun.launcher <> - create file finder object
114 [140359266187136] INFO perfrun.launcher <> - create a result directory: pattern = /home/u185693/test_folder/oneAPI-samples/DirectProgramming/C++SYCL/N-BodyMethods/Nbody/r000gh pid = 4294967295
117 [140359266187136] INFO perfrun.sdk <> - checked that the directory /home/u185693/test_folder/oneAPI-samples/DirectProgramming/C++SYCL/N-BodyMethods/Nbody/r000gh is a local directory
118 [140359266187136] INFO perfrun.sdk <> - the directory /home/u185693/test_folder/oneAPI-samples/DirectProgramming/C++SYCL/N-BodyMethods/Nbody/r000gh is located on a share or its FS ID is unknown 26985
118 [140359266187136] INFO perfrun.sdk <> - checked that the directory /home/u185693/tmp/amplxe-tmp-u185693 is a local directory
118 [140359266187136] INFO perfrun.sdk <> - the directory /home/u185693/tmp/amplxe-tmp-u185693 is located on a share or its FS ID is unknown 26985
120 [140359266187136] INFO perfrun.launcher <> - create data directory = /home/u185693/test_folder/oneAPI-samples/DirectProgramming/C++SYCL/N-BodyMethods/Nbody/r000gh/data.0
124 [140359266187136] INFO perfrun.launcher <> - Creating the master collection flag
129 [140359266187136] INFO perfrun.launcher <> - Done creating the master collection flag
151 [140359252850432] INFO perfrun.launcher <> - plugin [remoteplug] was disabled because it doesn't support the given collection type.
152 [140359252850432] INFO perfrun.sdk <> - Allocating TMU :/home/u185693/test_folder/oneAPI-samples/DirectProgramming/C++SYCL/N-BodyMethods/Nbody/r000gh/data.0/systemcollector-479039-s019-n015.sc
171 [140359252850432] INFO perfrun.system <> - Tpss based collection
172 [140359252850432] INFO perfrun.launcher <> - plugin [ptracecollector] was disabled because it doesn't support the given collection type.
172 [140359252850432] INFO perfrun.gpu <> - Event consumer configurations: 
172 [140359252850432] INFO perfrun.sdk <> - Reading value (0) from file: /proc/sys/dev/i915/perf_stream_paranoid
173 [140359252850432] WARN perfrun.sdk <> - Metrics Discovery library was not found, lib name: 'libigdmd.so.1', lib path: '', at file: _sdks/release_posix-x86_64_icl_19.1.2_gnutools_6.3_binutils_2.28/perfrun_1.29.1/include/perfrun1/pluginsdk/metrics_discovery_lib.hpp:828
173 [140359252850432] WARN perfrun.sdk <> - Metrics Discovery library was not found, lib name: 'libmd.so', lib path: '', at file: _sdks/release_posix-x86_64_icl_19.1.2_gnutools_6.3_binutils_2.28/perfrun_1.29.1/include/perfrun1/pluginsdk/metrics_discovery_lib.hpp:828
174 [140359252850432] WARN perfrun.sdk <> - Metrics Discovery library was not found, lib name: 'libmd.so.1', lib path: '', at file: _sdks/release_posix-x86_64_icl_19.1.2_gnutools_6.3_binutils_2.28/perfrun_1.29.1/include/perfrun1/pluginsdk/metrics_discovery_lib.hpp:828
174 [140359252850432] WARN perfrun.sdk <> - Metrics Discovery library was not found, lib name: 'libigdmd.so.1', lib path: '/usr/local/lib', at file: _sdks/release_posix-x86_64_icl_19.1.2_gnutools_6.3_binutils_2.28/perfrun_1.29.1/include/perfrun1/pluginsdk/metrics_discovery_lib.hpp:828
174 [140359252850432] WARN perfrun.sdk <> - Metrics Discovery library was not found, lib name: 'libmd.so', lib path: '/usr/local/lib', at file: _sdks/release_posix-x86_64_icl_19.1.2_gnutools_6.3_binutils_2.28/perfrun_1.29.1/include/perfrun1/pluginsdk/metrics_discovery_lib.hpp:828
174 [140359252850432] WARN perfrun.sdk <> - Metrics Discovery library was not found, lib name: 'libmd.so.1', lib path: '/usr/local/lib', at file: _sdks/release_posix-x86_64_icl_19.1.2_gnutools_6.3_binutils_2.28/perfrun_1.29.1/include/perfrun1/pluginsdk/metrics_discovery_lib.hpp:828
174 [140359252850432] WARN perfrun.sdk <> - Metrics Discovery library was not found, lib name: 'libigdmd.so.1', lib path: '/opt/intel/opencl', at file: _sdks/release_posix-x86_64_icl_19.1.2_gnutools_6.3_binutils_2.28/perfrun_1.29.1/include/perfrun1/pluginsdk/metrics_discovery_lib.hpp:828
174 [140359252850432] WARN perfrun.sdk <> - Metrics Discovery library was not found, lib name: 'libmd.so', lib path: '/opt/intel/opencl', at file: _sdks/release_posix-x86_64_icl_19.1.2_gnutools_6.3_binutils_2.28/perfrun_1.29.1/include/perfrun1/pluginsdk/metrics_discovery_lib.hpp:828
174 [140359252850432] WARN perfrun.sdk <> - Metrics Discovery library was not found, lib name: 'libmd.so.1', lib path: '/opt/intel/opencl', at file: _sdks/release_posix-x86_64_icl_19.1.2_gnutools_6.3_binutils_2.28/perfrun_1.29.1/include/perfrun1/pluginsdk/metrics_discovery_lib.hpp:828
188 [140359252850432] INFO perfrun.gpu <> - DeviceInfo: address 0:0:2.0 subdevice index 0 preset 1 sampling interval 1000us
189 [140359252850432] INFO perfrun.launcher <> - plugin [] was disabled because it doesn't support the given collection type.
189 [140359252850432] INFO perfrun.launcher <> - plugin [] was disabled because it doesn't support the given collection type.
189 [140359252850432] INFO perfrun.launcher <> - plugin [] was disabled because it doesn't support the given collection type.
189 [140359252850432] INFO perfrun.mrte <> - system-wide mode is 0
190 [140359252850432] INFO perfrun.mrte <> - Getting  mrte profiling environment ...
427 [140359252850432] INFO perfrun.mrte <> - INTEL_MRTE_DATA_DIR=/home/u185693/test_folder/oneAPI-samples/DirectProgramming/C++SYCL/N-BodyMethods/Nbody/r000gh/data.0
427 [140359252850432] INFO perfrun.mrte <> - INTEL_MRTE_HOST_NAME=s019-n015
427 [140359252850432] INFO perfrun.mrte <> - JAVA_TOOL_OPTIONS=-agentlib:amplxe_tpssmrte_javaprof_1.0 -Dsun.boot.library.path=/glob/development-tools/versions/oneapi/2023.0.1/oneapi/vtune/2023.0.0/lib32/runtime:/glob/development-tools/versions/oneapi/2023.0.1/oneapi/vtune/2023.0.0/lib64/runtime
427 [140359252850432] INFO perfrun.mrte <> - LD_LIBRARY_PATH=/glob/development-tools/versions/oneapi/2023.0.1/oneapi/vtune/2023.0.0/lib32/runtime:/glob/development-tools/versions/oneapi/2023.0.1/oneapi/vtune/2023.0.0/lib64/runtime:/glob/development-tools/versions/oneapi/2023.0.1/oneapi/vpl/2023.0.0/lib:/glob/development-tools/versions/oneapi/2023.0.1/oneapi/tbb/2021.8.0/env/../lib/intel64/gcc4.8:/glob/development-tools/versions/oneapi/2023.0.1/oneapi/rkcommon/1.10.0/lib:/glob/development-tools/versions/oneapi/2023.0.1/oneapi/ospray_studio/0.11.1/lib:/glob/development-tools/versions/oneapi/2023.0.1/oneapi/ospray/2.10.0/lib:/glob/development-tools/versions/oneapi/2023.0.1/oneapi/openvkl/1.3.1/lib:/glob/development-tools/versions/oneapi/2023.0.1/oneapi/oidn/1.4.3/lib:/glob/development-tools/versions/oneapi/2023.0.1/oneapi/mpi/2021.8.0//libfabric/lib:/glob/development-tools/versions/oneapi/2023.0.1/oneapi/mpi/2021.8.0//lib/release:/glob/development-tools/versions/oneapi/2023.0.1/oneapi/mpi/2021.8.0//lib:/glob/development-tools/versions/oneapi/2023.0.1/oneapi/mkl/2023.0.0/lib/intel64:/glob/development-tools/versions/oneapi/2023.0.1/oneapi/itac/2021.8.0/slib:/glob/development-tools/versions/oneapi/2023.0.1/oneapi/ispc/1.18.1/lib/lib64:/glob/development-tools/versions/oneapi/2023.0.1/oneapi/ipp/2021.7.0/lib/intel64:/glob/development-tools/versions/oneapi/2023.0.1/oneapi/ippcp/2021.6.3/lib/intel64:/glob/development-tools/versions/oneapi/2023.0.1/oneapi/ipp/2021.7.0/lib/intel64:/glob/development-tools/versions/oneapi/2023.0.1/oneapi/embree/3.13.5/lib:/glob/development-tools/versions/oneapi/2023.0.1/oneapi/dnnl/2023.0.0/cpu_dpcpp_gpu_dpcpp/lib:/glob/development-tools/versions/oneapi/2023.0.1/oneapi/debugger/2023.0.0/gdb/intel64/lib:/glob/development-tools/versions/oneapi/2023.0.1/oneapi/debugger/2023.0.0/libipt/intel64/lib:/glob/development-tools/versions/oneapi/2023.0.1/oneapi/debugger/2023.0.0/dep/lib:/glob/development-tools/versions/oneapi/2023.0.1/oneapi/dal/2023.0.0/lib/intel64:/glob/development-tools/versions/oneapi/2023.0.1/oneapi/compiler/2023.0.0/linux/lib:/glob/development-tools/versions/oneapi/2023.0.1/oneapi/compiler/2023.0.0/linux/lib/x64:/glob/development-tools/versions/oneapi/2023.0.1/oneapi/compiler/2023.0.0/linux/lib/oclfpga/host/linux64/lib:/glob/development-tools/versions/oneapi/2023.0.1/oneapi/compiler/2023.0.0/linux/compiler/lib/intel64_lin:/glob/development-tools/versions/oneapi/2023.0.1/oneapi/ccl/2021.8.0/lib/cpu_gpu_dpcpp
427 [140359252850432] INFO perfrun.mrte <> - CORECLR_ENABLE_PROFILING=1
427 [140359252850432] INFO perfrun.mrte <> - CORECLR_PROFILER={AA5E4821-E3B1-479c-B7FF-5AD047D22CED}
427 [140359252850432] INFO perfrun.mrte <> - CORECLR_PROFILER_PATH=/glob/development-tools/versions/oneapi/2023.0.1/oneapi/vtune/2023.0.0/lib64/libamplxe_samplingmrte_clrprof_1.0.so
427 [140359252850432] INFO perfrun.mrte <> - INTEL_MRTE_PROFILER_MODE=mixed
427 [140359252850432] INFO perfrun.mrte <> - Data directory: /home/u185693/test_folder/oneAPI-samples/DirectProgramming/C++SYCL/N-BodyMethods/Nbody/r000gh/data.0
427 [140359252850432] INFO perfrun.mrte <> - Mrte plugin is initialized
427 [140359252850432] INFO perfrun.launcher <> - plugin [emon] was disabled because it doesn't support the given collection type.
427 [140359252850432] INFO perfrun.launcher <> - plugin [cuscol] was disabled because it doesn't support the given collection type.
427 [140359252850432] INFO perfrun.launcher <> - plugin [stdsrc] was disabled because it doesn't support the given collection type.
490 [140359252850432] INFO perfrun.sdk <> - runCmd: /glob/development-tools/versions/oneapi/2023.0.1/oneapi/vtune/2023.0.0/bin64/sep -dry-run -ec CPU_CLK_UNHALTED.THREAD:sa=3300000,CPU_CLK_UNHALTED.REF_TSC:sample:sa=3300000,INST_RETIRED.ANY:sample:sa=3300000,CPU_CLK_UNHALTED.DISTRIBUTED:sa=3300000 -experimental
491 [140359252850432] INFO perfrun.sdk <> - runCmd started PID 479043
642 [140359252850432] INFO perfrun.launcher <> - plugin [vtsspp] was disabled because it doesn't support the given collection type.
642 [140359252850432] INFO perfrun.launcher <> - plugin [perf] was disabled because it doesn't support the given collection type.
642 [140359252850432] INFO perfrun.launcher <> - plugin [aoclprofile] was disabled because it doesn't support the given collection type.
642 [140359252850432] INFO perfrun.tpss <> - initialize tpss controller
642 [140359252850432] INFO perfrun.tpss <> - configure collection mode: value = opencl_ex:nostack|0:0:2.0
642 [140359252850432] INFO perfrun.tpss <> - configure collection mode: value = opencl:nostack|0:0:2.0
642 [140359252850432] INFO perfrun.tpss <> - configure collection mode: value = mediasdk:nostack|0:0:2.0
642 [140359252850432] INFO perfrun.tpss <> - configure collection mode: value = level_zero:nostack|0:0:2.0
642 [140359252850432] INFO perfrun.tpss <> - default obj-size-min=1024
642 [140359252850432] INFO perfrun.tpss <> - default hash-table-size=0
642 [140359252850432] INFO perfrun.launcher <> - plugin [] was disabled because it doesn't support the given collection type.
642 [140359252850432] INFO perfrun.launcher <> - plugin [] was disabled because it doesn't support the given collection type.
642 [140359252850432] INFO perfrun.launcher <> - plugin [parallelfs] was disabled because it doesn't support the given collection type.
642 [140359252850432] INFO perfrun.launcher <> - plugin [power] was disabled because it doesn't support the given collection type.
642 [140359252850432] INFO perfrun.launcher <> - plugin [hwloc] was disabled because it doesn't support the given collection type.
642 [140359252850432] INFO perfrun.launcher <> - plugin [ipmwatch] was disabled because it doesn't support the given collection type.
642 [140359252850432] INFO perfrun.launcher <> - plugin [os_counters] was disabled because it doesn't support the given collection type.
642 [140359252850432] INFO perfrun.launcher <> - plugin [l0_metrics] was disabled because it doesn't support the given collection type.
643 [140359266187136] INFO perfrun.launcher <> - set environment variable: LD_LIBRARY_PATH = /glob/development-tools/versions/oneapi/2023.0.1/oneapi/vtune/2023.0.0/lib32/runtime:/glob/development-tools/versions/oneapi/2023.0.1/oneapi/vtune/2023.0.0/lib64/runtime:/glob/development-tools/versions/oneapi/2023.0.1/oneapi/vpl/2023.0.0/lib:/glob/development-tools/versions/oneapi/2023.0.1/oneapi/tbb/2021.8.0/env/../lib/intel64/gcc4.8:/glob/development-tools/versions/oneapi/2023.0.1/oneapi/rkcommon/1.10.0/lib:/glob/development-tools/versions/oneapi/2023.0.1/oneapi/ospray_studio/0.11.1/lib:/glob/development-tools/versions/oneapi/2023.0.1/oneapi/ospray/2.10.0/lib:/glob/development-tools/versions/oneapi/2023.0.1/oneapi/openvkl/1.3.1/lib:/glob/development-tools/versions/oneapi/2023.0.1/oneapi/oidn/1.4.3/lib:/glob/development-tools/versions/oneapi/2023.0.1/oneapi/mpi/2021.8.0//libfabric/lib:/glob/development-tools/versions/oneapi/2023.0.1/oneapi/mpi/2021.8.0//lib/release:/glob/development-tools/versions/oneapi/2023.0.1/oneapi/mpi/2021.8.0//lib:/glob/development-tools/versions/oneapi/2023.0.1/oneapi/mkl/2023.0.0/lib/intel64:/glob/development-tools/versions/oneapi/2023.0.1/oneapi/itac/2021.8.0/slib:/glob/development-tools/versions/oneapi/2023.0.1/oneapi/ispc/1.18.1/lib/lib64:/glob/development-tools/versions/oneapi/2023.0.1/oneapi/ipp/2021.7.0/lib/intel64:/glob/development-tools/versions/oneapi/2023.0.1/oneapi/ippcp/2021.6.3/lib/intel64:/glob/development-tools/versions/oneapi/2023.0.1/oneapi/ipp/2021.7.0/lib/intel64:/glob/development-tools/versions/oneapi/2023.0.1/oneapi/embree/3.13.5/lib:/glob/development-tools/versions/oneapi/2023.0.1/oneapi/dnnl/2023.0.0/cpu_dpcpp_gpu_dpcpp/lib:/glob/development-tools/versions/oneapi/2023.0.1/oneapi/debugger/2023.0.0/gdb/intel64/lib:/glob/development-tools/versions/oneapi/2023.0.1/oneapi/debugger/2023.0.0/libipt/intel64/lib:/glob/development-tools/versions/oneapi/2023.0.1/oneapi/debugger/2023.0.0/dep/lib:/glob/development-tools/versions/oneapi/2023.0.1/oneapi/dal/2023.0.0/lib/intel64:/glob/development-tools/versions/oneapi/2023.0.1/oneapi/compiler/2023.0.0/linux/lib:/glob/development-tools/versions/oneapi/2023.0.1/oneapi/compiler/2023.0.0/linux/lib/x64:/glob/development-tools/versions/oneapi/2023.0.1/oneapi/compiler/2023.0.0/linux/lib/oclfpga/host/linux64/lib:/glob/development-tools/versions/oneapi/2023.0.1/oneapi/compiler/2023.0.0/linux/compiler/lib/intel64_lin:/glob/development-tools/versions/oneapi/2023.0.1/oneapi/ccl/2021.8.0/lib/cpu_gpu_dpcpp
643 [140359266187136] INFO perfrun.launcher <> - set environment variable: INTEL_LIBITTNOTIFY32 = /glob/development-tools/versions/oneapi/2023.0.1/oneapi/vtune/2023.0.0/lib32/runtime/libittnotify_collector.so
643 [140359266187136] INFO perfrun.launcher <> - set environment variable: INTEL_LIBITTNOTIFY64 = /glob/development-tools/versions/oneapi/2023.0.1/oneapi/vtune/2023.0.0/lib64/runtime/libittnotify_collector.so
643 [140359266187136] INFO perfrun.launcher <> - set environment variable: INTEL_ITTNOTIFY_GROUPS = 
643 [140359266187136] INFO perfrun.launcher <> - set environment variable: INTEL_JIT_PROFILER32 = /glob/development-tools/versions/oneapi/2023.0.1/oneapi/vtune/2023.0.0/lib32/runtime/libittnotify_collector.so
643 [140359266187136] INFO perfrun.launcher <> - set environment variable: INTEL_JIT_PROFILER64 = /glob/development-tools/versions/oneapi/2023.0.1/oneapi/vtune/2023.0.0/lib64/runtime/libittnotify_collector.so
643 [140359266187136] INFO perfrun.launcher <> - set environment variable: OMP_TOOL_LIBRARIES = /glob/development-tools/versions/oneapi/2023.0.1/oneapi/vtune/2023.0.0/lib32/runtime/libittnotify_collector.so:/glob/development-tools/versions/oneapi/2023.0.1/oneapi/vtune/2023.0.0/lib64/runtime/libittnotify_collector.so
643 [140359266187136] INFO perfrun.launcher <> - set environment variable: ENABLE_JITPROFILING = 1
643 [140359266187136] INFO perfrun.launcher <> - set environment variable: CL_CONFIG_USE_VTUNE = True
643 [140359266187136] INFO perfrun.launcher <> - set environment variable: KMP_FORKJOIN_FRAMES = 0
643 [140359266187136] INFO perfrun.launcher <> - set environment variable: KMP_FORKJOIN_FRAMES_MODE = 0
643 [140359266187136] INFO perfrun.launcher <> - set environment variable: OMP_TOOL = disabled
643 [140359266187136] INFO perfrun.launcher <> - set environment variable: INTEL_MRTE_DATA_DIR = /home/u185693/test_folder/oneAPI-samples/DirectProgramming/C++SYCL/N-BodyMethods/Nbody/r000gh/data.0
643 [140359266187136] INFO perfrun.launcher <> - set environment variable: INTEL_MRTE_HOST_NAME = s019-n015
643 [140359266187136] INFO perfrun.launcher <> - set environment variable: JAVA_TOOL_OPTIONS = -agentlib:amplxe_tpssmrte_javaprof_1.0 -Dsun.boot.library.path=/glob/development-tools/versions/oneapi/2023.0.1/oneapi/vtune/2023.0.0/lib32/runtime:/glob/development-tools/versions/oneapi/2023.0.1/oneapi/vtune/2023.0.0/lib64/runtime
643 [140359266187136] INFO perfrun.launcher <> - set environment variable: LD_LIBRARY_PATH = /glob/development-tools/versions/oneapi/2023.0.1/oneapi/vtune/2023.0.0/lib32/runtime:/glob/development-tools/versions/oneapi/2023.0.1/oneapi/vtune/2023.0.0/lib64/runtime:/glob/development-tools/versions/oneapi/2023.0.1/oneapi/vpl/2023.0.0/lib:/glob/development-tools/versions/oneapi/2023.0.1/oneapi/tbb/2021.8.0/env/../lib/intel64/gcc4.8:/glob/development-tools/versions/oneapi/2023.0.1/oneapi/rkcommon/1.10.0/lib:/glob/development-tools/versions/oneapi/2023.0.1/oneapi/ospray_studio/0.11.1/lib:/glob/development-tools/versions/oneapi/2023.0.1/oneapi/ospray/2.10.0/lib:/glob/development-tools/versions/oneapi/2023.0.1/oneapi/openvkl/1.3.1/lib:/glob/development-tools/versions/oneapi/2023.0.1/oneapi/oidn/1.4.3/lib:/glob/development-tools/versions/oneapi/2023.0.1/oneapi/mpi/2021.8.0//libfabric/lib:/glob/development-tools/versions/oneapi/2023.0.1/oneapi/mpi/2021.8.0//lib/release:/glob/development-tools/versions/oneapi/2023.0.1/oneapi/mpi/2021.8.0//lib:/glob/development-tools/versions/oneapi/2023.0.1/oneapi/mkl/2023.0.0/lib/intel64:/glob/development-tools/versions/oneapi/2023.0.1/oneapi/itac/2021.8.0/slib:/glob/development-tools/versions/oneapi/2023.0.1/oneapi/ispc/1.18.1/lib/lib64:/glob/development-tools/versions/oneapi/2023.0.1/oneapi/ipp/2021.7.0/lib/intel64:/glob/development-tools/versions/oneapi/2023.0.1/oneapi/ippcp/2021.6.3/lib/intel64:/glob/development-tools/versions/oneapi/2023.0.1/oneapi/ipp/2021.7.0/lib/intel64:/glob/development-tools/versions/oneapi/2023.0.1/oneapi/embree/3.13.5/lib:/glob/development-tools/versions/oneapi/2023.0.1/oneapi/dnnl/2023.0.0/cpu_dpcpp_gpu_dpcpp/lib:/glob/development-tools/versions/oneapi/2023.0.1/oneapi/debugger/2023.0.0/gdb/intel64/lib:/glob/development-tools/versions/oneapi/2023.0.1/oneapi/debugger/2023.0.0/libipt/intel64/lib:/glob/development-tools/versions/oneapi/2023.0.1/oneapi/debugger/2023.0.0/dep/lib:/glob/development-tools/versions/oneapi/2023.0.1/oneapi/dal/2023.0.0/lib/intel64:/glob/development-tools/versions/oneapi/2023.0.1/oneapi/compiler/2023.0.0/linux/lib:/glob/development-tools/versions/oneapi/2023.0.1/oneapi/compiler/2023.0.0/linux/lib/x64:/glob/development-tools/versions/oneapi/2023.0.1/oneapi/compiler/2023.0.0/linux/lib/oclfpga/host/linux64/lib:/glob/development-tools/versions/oneapi/2023.0.1/oneapi/compiler/2023.0.0/linux/compiler/lib/intel64_lin:/glob/development-tools/versions/oneapi/2023.0.1/oneapi/ccl/2021.8.0/lib/cpu_gpu_dpcpp
643 [140359266187136] INFO perfrun.launcher <> - set environment variable: CORECLR_ENABLE_PROFILING = 1
643 [140359266187136] INFO perfrun.launcher <> - set environment variable: CORECLR_PROFILER = {AA5E4821-E3B1-479c-B7FF-5AD047D22CED}
643 [140359266187136] INFO perfrun.launcher <> - set environment variable: CORECLR_PROFILER_PATH = /glob/development-tools/versions/oneapi/2023.0.1/oneapi/vtune/2023.0.0/lib64/libamplxe_samplingmrte_clrprof_1.0.so
643 [140359266187136] INFO perfrun.launcher <> - set environment variable: INTEL_MRTE_PROFILER_MODE = mixed
643 [140359266187136] INFO perfrun.launcher <> - RpcServer: run RPC server to handle requests
647 [140359266187136] INFO perfrun.launcher <> - Launcher: command line to start before modification = /home/u185693/test_folder/oneAPI-samples/DirectProgramming/C++SYCL/N-BodyMethods/Nbody/build/src/nbody
687 [140359266187136] INFO perfrun.launcher <> - Launcher: command line to start after modification = /glob/development-tools/versions/oneapi/2023.0.1/oneapi/vtune/2023.0.0/bin64/pin -error_file /home/u185693/test_folder/oneAPI-samples/DirectProgramming/C++SYCL/N-BodyMethods/Nbody/r000gh/data.0/pinerr.tpsslog -detach_reattach -follow_execv -tool_load_option deepbind -t64 /glob/development-tools/versions/oneapi/2023.0.1/oneapi/vtune/2023.0.0/lib64/libtpsstool.so -t /glob/development-tools/versions/oneapi/2023.0.1/oneapi/vtune/2023.0.0/lib32/libtpsstool.so -server_name tpss_ipc.479039 -prd_dir /glob/development-tools/versions/oneapi/2023.0.1/oneapi/vtune/2023.0.0 -- /home/u185693/test_folder/oneAPI-samples/DirectProgramming/C++SYCL/N-BodyMethods/Nbody/build/src/nbody
687 [140359266187136] INFO perfrun.launcher <> - ProcessCreator object was created
689 [140359266187136] INFO perfrun.launcher <> - Launcher: the process was started in suspend mode
690 [140359252850432] INFO perfrun.sdk <> - Reading value (0) from file: /proc/sys/dev/i915/perf_stream_paranoid
690 [140359252850432] WARN perfrun.sdk <> - Metrics Discovery library was not found, lib name: 'libigdmd.so.1', lib path: '', at file: _sdks/release_posix-x86_64_icl_19.1.2_gnutools_6.3_binutils_2.28/perfrun_1.29.1/include/perfrun1/pluginsdk/metrics_discovery_lib.hpp:828
691 [140359252850432] WARN perfrun.sdk <> - Metrics Discovery library was not found, lib name: 'libmd.so', lib path: '', at file: _sdks/release_posix-x86_64_icl_19.1.2_gnutools_6.3_binutils_2.28/perfrun_1.29.1/include/perfrun1/pluginsdk/metrics_discovery_lib.hpp:828
692 [140359252850432] WARN perfrun.sdk <> - Metrics Discovery library was not found, lib name: 'libmd.so.1', lib path: '', at file: _sdks/release_posix-x86_64_icl_19.1.2_gnutools_6.3_binutils_2.28/perfrun_1.29.1/include/perfrun1/pluginsdk/metrics_discovery_lib.hpp:828
692 [140359252850432] WARN perfrun.sdk <> - Metrics Discovery library was not found, lib name: 'libigdmd.so.1', lib path: '/usr/local/lib', at file: _sdks/release_posix-x86_64_icl_19.1.2_gnutools_6.3_binutils_2.28/perfrun_1.29.1/include/perfrun1/pluginsdk/metrics_discovery_lib.hpp:828
692 [140359252850432] WARN perfrun.sdk <> - Metrics Discovery library was not found, lib name: 'libmd.so', lib path: '/usr/local/lib', at file: _sdks/release_posix-x86_64_icl_19.1.2_gnutools_6.3_binutils_2.28/perfrun_1.29.1/include/perfrun1/pluginsdk/metrics_discovery_lib.hpp:828
692 [140359252850432] WARN perfrun.sdk <> - Metrics Discovery library was not found, lib name: 'libmd.so.1', lib path: '/usr/local/lib', at file: _sdks/release_posix-x86_64_icl_19.1.2_gnutools_6.3_binutils_2.28/perfrun_1.29.1/include/perfrun1/pluginsdk/metrics_discovery_lib.hpp:828
692 [140359252850432] WARN perfrun.sdk <> - Metrics Discovery library was not found, lib name: 'libigdmd.so.1', lib path: '/opt/intel/opencl', at file: _sdks/release_posix-x86_64_icl_19.1.2_gnutools_6.3_binutils_2.28/perfrun_1.29.1/include/perfrun1/pluginsdk/metrics_discovery_lib.hpp:828
692 [140359252850432] WARN perfrun.sdk <> - Metrics Discovery library was not found, lib name: 'libmd.so', lib path: '/opt/intel/opencl', at file: _sdks/release_posix-x86_64_icl_19.1.2_gnutools_6.3_binutils_2.28/perfrun_1.29.1/include/perfrun1/pluginsdk/metrics_discovery_lib.hpp:828
692 [140359252850432] WARN perfrun.sdk <> - Metrics Discovery library was not found, lib name: 'libmd.so.1', lib path: '/opt/intel/opencl', at file: _sdks/release_posix-x86_64_icl_19.1.2_gnutools_6.3_binutils_2.28/perfrun_1.29.1/include/perfrun1/pluginsdk/metrics_discovery_lib.hpp:828
737 [140359252850432] WARN perfrun.system <> - Could not do anything with /sys/kernel/debug/kvm: boost::filesystem::status: Permission denied: "/sys/kernel/debug/kvm", at file: vcs/perfrun1/plugins/system/src/trace_writer.cpp:787
737 [140359252850432] WARN perfrun.system <> - Folder "/var/run/libvirt/qemu/"doesn't exist, at file: vcs/perfrun1/plugins/system/src/trace_writer.cpp:800
740 [140359252850432] WARN perfrun.sdk <> - Failed to find xl binary on any of the system paths: /bin, /sbin, /usr/bin, /usr/sbin., at file: vcs/perfrun1/sdk/src/utils.cpp:204
740 [140359252850432] WARN perfrun.system <> - Could not start ContainerMapping collector, at file: vcs/perfrun1/plugins/system/src/controller.cpp:448
791 [140359252850432] INFO perfrun.vdso <> - Helper runtool '/glob/development-tools/versions/oneapi/2023.0.1/oneapi/vtune/2023.0.0/bin32/amplxe-runss -dump-vdso -r /home/u185693/test_folder/oneAPI-samples/DirectProgramming/C++SYCL/N-BodyMethods/Nbody/r000gh --tmp-dir /home/u185693/tmp/amplxe-tmp-u185693' returned 1
1034 [140359252850432] INFO perfrun.vdso <> - Helper runtool '/glob/development-tools/versions/oneapi/2023.0.1/oneapi/vtune/2023.0.0/bin64/amplxe-runss -dump-vdso -r /home/u185693/test_folder/oneAPI-samples/DirectProgramming/C++SYCL/N-BodyMethods/Nbody/r000gh --tmp-dir /home/u185693/tmp/amplxe-tmp-u185693' returned 0
1034 [140359252850432] INFO perfrun.itt <> - start itt controller for pid #479045
1035 [140359252850432] INFO perfrun.sdk <> - Allocating TMU :/home/u185693/test_folder/oneAPI-samples/DirectProgramming/C++SYCL/N-BodyMethods/Nbody/r000gh/data.0/gen_metrics0_0_2_0_0.0.cfg
1042 [140359252850432] INFO perfrun.sdk <> - De-allocating TMU: /home/u185693/test_folder/oneAPI-samples/DirectProgramming/C++SYCL/N-BodyMethods/Nbody/r000gh/data.0/gen_metrics0_0_2_0_0.0.cfg
1043 [140359252850432] INFO perfrun.gpu <> - Creating main data processing loop
1043 [140358994360064] INFO perfrun.sdk <> - Allocating TMU :/home/u185693/test_folder/oneAPI-samples/DirectProgramming/C++SYCL/N-BodyMethods/Nbody/r000gh/data.0/gen_metrics0_0_2_0_0.0.vtss
1043 [140359252850432] INFO perfrun.sdk <> - Reading value (1) from file: /proc/sys/kernel/nmi_watchdog
1043 [140359252850432] WARN perfrun.launcher <> - Messenger::say: To enable hardware event-based sampling, VTune Profiler has disabled the NMI watchdog timer. The watchdog timer will be re-enabled after collection completes.
1043 [140359252850432] INFO perfrun.sdk <> - runCmd: /glob/development-tools/versions/oneapi/2023.0.1/oneapi/vtune/2023.0.0/bin64/sep -start -experimental -uem timer=10 -em factor=5 -p-state trigger=CPU_CLK_UNHALTED.REF_TSC -out /home/u185693/test_folder/oneAPI-samples/DirectProgramming/C++SYCL/N-BodyMethods/Nbody/r000gh/data.0/sep7fa7ef683700.20230315T083113.180746 -ec INST_RETIRED.ANY:sample:sa=3300000,CPU_CLK_UNHALTED.THREAD:sa=3300000,CPU_CLK_UNHALTED.REF_TSC:sample:sa=3300000,CPU_CLK_UNHALTED.DISTRIBUTED:sa=3300000, -d 0 -uem factor=10
1043 [140359252850432] INFO perfrun.sdk <> - runCmd started PID 479052
1046 [140358994360064] INFO perfrun.gpu <> - IO stream opening, timer period: 1000000, buffer size: 0 subDevice 0 tile 0
1050 [140358994360064] INFO perfrun.gpu <> - IO stream opened, timer period: 851968, buffer size: 16777216
1548 [140359252850432] INFO perfrun.tpss <> - start tpss controller for pid #479045
1613 [140359266187136] INFO perfrun.launcher <> - Launcher: all plugins were started
1613 [140359266187136] INFO perfrun.launcher <> - DirectoryMonitor object was created
1616 [140359266187136] INFO perfrun.launcher <> - DirectoryMonitor: a callback was added
1616 [140359266187136] INFO perfrun.launcher <> - DirectoryMonitor was started with pingTime = 1000
1616 [140359266187136] INFO perfrun.launcher <> - DeadlineTimer is going to be constructed
1617 [140359266187136] INFO perfrun.launcher <> - DeadlineTimer: a callback was added
1649 [140359266187136] INFO perfrun.launcher <> - Launcher: resume the profiled application and  wait its termination or stop command
14447 [140359266187136] INFO perfrun.launcher <> - Launcher: the profiled application was terminated  with exit code = 0
14559 [140359252850432] INFO perfrun.itt <> - detach itt controller
14559 [140359252850432] INFO perfrun.itt <> - detach itt controller done
14559 [140359252850432] INFO perfrun.gpu <> - Waiting for data collection thread to finish
14589 [140358994360064] INFO perfrun.sdk <> - De-allocating TMU: /home/u185693/test_folder/oneAPI-samples/DirectProgramming/C++SYCL/N-BodyMethods/Nbody/r000gh/data.0/gen_metrics0_0_2_0_0.0.vtss
14589 [140358994360064] INFO perfrun.gpu <> - Data collection routine finished
14590 [140359252850432] INFO perfrun.gpu <> - Data collection thread finished, shutting down the session
14591 [140359252850432] INFO perfrun.sdk <> - runCmd: /glob/development-tools/versions/oneapi/2023.0.1/oneapi/vtune/2023.0.0/bin64/sep -stop
14592 [140359252850432] INFO perfrun.sdk <> - runCmd started PID 479228
23643 [140359252850432] INFO perfrun.sepdk <> - Sampling successfully stopped.

23643 [140359252850432] INFO perfrun.sepdk <> - Waiting for main SEP process (479052) to finish...
23643 [140359252850432] INFO perfrun.sepdk <> - Main SEP process finished
23645 [140359252850432] INFO perfrun.tpss <> - stop tpss controller
23650 [140359252850432] INFO perfrun.sdk <> - Reading value (0) from file: /proc/sys/dev/i915/perf_stream_paranoid
23655 [140359252850432] INFO perfrun.sdk <> - De-allocating TMU: /home/u185693/test_folder/oneAPI-samples/DirectProgramming/C++SYCL/N-BodyMethods/Nbody/r000gh/data.0/systemcollector-479039-s019-n015.sc
23655 [140359252850432] INFO perfrun.system <> - closed the system trace file: /home/u185693/test_folder/oneAPI-samples/DirectProgramming/C++SYCL/N-BodyMethods/Nbody/r000gh/data.0/systemcollector-479039-s019-n015.sc
23655 [140359266187136] INFO perfrun.launcher <> - Launcher: all plugins were stopped.
23655 [140359266187136] INFO perfrun.launcher <> - DeadlineTimer is going to be destroyed
23656 [140359266187136] INFO perfrun.launcher <> - DeadlineTimer was destroyed
23656 [140359266187136] INFO perfrun.launcher <> - DirectoryMonitor object was destroyed
23656 [140359266187136] WARN perfrun.launcher <> - Stop command is ignored because it is received when collection is already stopped, at file: vcs/perfrun1/launcher/src/command_handler.cpp:226
23666 [140359266187136] INFO perfrun.launcher <> - Application exit code: 0
23666 [140359266187136] INFO perfrun.launcher <> - Exit code: 0
