10 [140613412386688] INFO perfrun.launcher <> - Launcher main begin
19 [140613412386688] INFO perfrun.launcher <> - MessageCatalogInit finished
19 [140613412386688] INFO perfrun.launcher <> - Launcher instance created
19 [140613412386688] INFO perfrun.launcher <> - argc = 6; cmdline = /glob/development-tools/versions/oneapi/2023.0.1/oneapi/vtune/2023.0.0/bin64/amplxe-runss -dump-vdso -r /home/u185693/test_folder/oneAPI-samples/DirectProgramming/C++SYCL/N-BodyMethods/Nbody/r000gh --tmp-dir /home/u185693/tmp/amplxe-tmp-u185693 
94 [140613412386688] INFO perfrun.launcher <> - create msngr2::ICliToolContext
94 [140613412386688] INFO perfrun.launcher <> - create file finder object
113 [140613399049984] INFO perfrun.launcher <> - plugin [remoteplug] was disabled because it doesn't support the given collection type.
113 [140613399049984] INFO perfrun.launcher <> - plugin [system] was disabled because it doesn't support the given collection type.
113 [140613399049984] INFO perfrun.vdso <> - dumping [vdso] pseudomodule
152 [140613399049984] INFO perfrun.launcher <> - plugin [itt] was disabled because it doesn't support the given collection type.
152 [140613399049984] INFO perfrun.launcher <> - plugin [ptracecollector] was disabled because it doesn't support the given collection type.
152 [140613399049984] INFO perfrun.launcher <> - plugin [gpu] was disabled because it doesn't support the given collection type.
152 [140613399049984] INFO perfrun.launcher <> - plugin [] was disabled because it doesn't support the given collection type.
152 [140613399049984] INFO perfrun.launcher <> - plugin [] was disabled because it doesn't support the given collection type.
152 [140613399049984] INFO perfrun.launcher <> - plugin [] was disabled because it doesn't support the given collection type.
152 [140613399049984] INFO perfrun.launcher <> - plugin [mrte] was disabled because it doesn't support the given collection type.
152 [140613399049984] INFO perfrun.launcher <> - plugin [emon] was disabled because it doesn't support the given collection type.
152 [140613399049984] INFO perfrun.launcher <> - plugin [cuscol] was disabled because it doesn't support the given collection type.
152 [140613399049984] INFO perfrun.launcher <> - plugin [stdsrc] was disabled because it doesn't support the given collection type.
152 [140613399049984] INFO perfrun.launcher <> - plugin [sep] was disabled because it doesn't support the given collection type.
152 [140613399049984] INFO perfrun.launcher <> - plugin [vtsspp] was disabled because it doesn't support the given collection type.
152 [140613399049984] INFO perfrun.launcher <> - plugin [perf] was disabled because it doesn't support the given collection type.
152 [140613399049984] INFO perfrun.launcher <> - plugin [aoclprofile] was disabled because it doesn't support the given collection type.
152 [140613399049984] INFO perfrun.launcher <> - plugin [tpss] was disabled because it doesn't support the given collection type.
152 [140613399049984] INFO perfrun.launcher <> - plugin [media] was disabled because it doesn't support the given collection type.
152 [140613399049984] INFO perfrun.launcher <> - plugin [] was disabled because it doesn't support the given collection type.
152 [140613399049984] INFO perfrun.launcher <> - plugin [] was disabled because it doesn't support the given collection type.
152 [140613399049984] INFO perfrun.launcher <> - plugin [parallelfs] was disabled because it doesn't support the given collection type.
152 [140613399049984] INFO perfrun.launcher <> - plugin [power] was disabled because it doesn't support the given collection type.
152 [140613399049984] INFO perfrun.launcher <> - plugin [hwloc] was disabled because it doesn't support the given collection type.
152 [140613399049984] INFO perfrun.launcher <> - plugin [ipmwatch] was disabled because it doesn't support the given collection type.
152 [140613399049984] INFO perfrun.launcher <> - plugin [os_counters] was disabled because it doesn't support the given collection type.
152 [140613399049984] INFO perfrun.launcher <> - plugin [l0_metrics] was disabled because it doesn't support the given collection type.
152 [140613412386688] INFO perfrun.launcher <> - Application exit code: 0
152 [140613412386688] INFO perfrun.launcher <> - Exit code: 0
