
518572 : 0x44c17f6c441273 : 1 : spill_jit_data :  Jit agent is not initialized
518559 : 0x44c17f6cac8645 : 2 : ittapi_config_mask_get :  --itt-config mask to be applied: 183
518559 : 0x44c17f6cacc9ff : 2 : ittapi_config_apply_per_lib :  ITTAPI function instrumented: __itt_domain_create
518559 : 0x44c17f6cacd8fb : 2 : ittapi_config_apply_per_lib :  ITTAPI function instrumented: __itt_string_handle_create
518559 : 0x44c17f6cace46f : 2 : ittapi_config_apply_per_lib :  ITTAPI function instrumented: __itt_pause
518559 : 0x44c17f6cacf093 : 2 : ittapi_config_apply_per_lib :  ITTAPI function instrumented: __itt_resume
518559 : 0x44c17f6cacf97d : 2 : ittapi_config_apply_per_lib :  ITTAPI function instrumented: __itt_thread_set_name
518559 : 0x44c17f6cad02b1 : 2 : ittapi_config_apply_per_lib :  ITTAPI function instrumented: __itt_thread_ignore
518559 : 0x44c17f6cad0d49 : 2 : ittapi_config_apply_per_lib :  ITTAPI function instrumented: __itt_thr_name_set
518559 : 0x44c17f6cad1793 : 2 : ittapi_config_apply_per_lib :  ITTAPI function instrumented: __itt_thr_ignore
518559 : 0x44c17f6d3715eb : 2 : ittapi_config_apply_per_lib :  ITTAPI function NOT instrumented (not matched by --itt-config option): __itt_sync_create

518559 : 0x44c17f6d373745 : 2 : ittapi_config_apply_per_lib :  ITTAPI function NOT instrumented (not matched by --itt-config option): __itt_sync_rename

518559 : 0x44c17f6d374057 : 2 : ittapi_config_apply_per_lib :  ITTAPI function NOT instrumented (not matched by --itt-config option): __itt_sync_destroy

518559 : 0x44c17f6d374963 : 2 : ittapi_config_apply_per_lib :  ITTAPI function NOT instrumented (not matched by --itt-config option): __itt_sync_prepare

518559 : 0x44c17f6d37518d : 2 : ittapi_config_apply_per_lib :  ITTAPI function NOT instrumented (not matched by --itt-config option): __itt_sync_cancel

518559 : 0x44c17f6d3758ed : 2 : ittapi_config_apply_per_lib :  ITTAPI function NOT instrumented (not matched by --itt-config option): __itt_sync_acquired

518559 : 0x44c17f6d3769cd : 2 : ittapi_config_apply_per_lib :  ITTAPI function NOT instrumented (not matched by --itt-config option): __itt_sync_releasing

518559 : 0x44c17f6d378979 : 2 : ittapi_config_apply_per_lib :  ITTAPI function not implemented: __itt_suppress_push
518559 : 0x44c17f6d379d07 : 2 : ittapi_config_apply_per_lib :  ITTAPI function not implemented: __itt_suppress_pop
518559 : 0x44c17f6d37ab4d : 2 : ittapi_config_apply_per_lib :  ITTAPI function not implemented: __itt_suppress_mark_range
518559 : 0x44c17f6da8ef03 : 2 : ittapi_config_apply_per_lib :  ITTAPI function not implemented: __itt_suppress_clear_range
518559 : 0x44c17f6da9106d : 2 : ittapi_config_apply_per_lib :  ITTAPI function NOT instrumented (not matched by --itt-config option): __itt_sync_prepare

518559 : 0x44c17f6da918c7 : 2 : ittapi_config_apply_per_lib :  ITTAPI function NOT instrumented (not matched by --itt-config option): __itt_sync_cancel

518559 : 0x44c17f6da91e85 : 2 : ittapi_config_apply_per_lib :  ITTAPI function NOT instrumented (not matched by --itt-config option): __itt_sync_acquired

518559 : 0x44c17f6da92381 : 2 : ittapi_config_apply_per_lib :  ITTAPI function NOT instrumented (not matched by --itt-config option): __itt_sync_releasing

518559 : 0x44c17f6da92e71 : 2 : ittapi_config_apply_per_lib :  ITTAPI function instrumented: __itt_model_site_begin
518559 : 0x44c17f6da93853 : 2 : ittapi_config_apply_per_lib :  ITTAPI function instrumented: __itt_model_site_end
518559 : 0x44c17f6da940c7 : 2 : ittapi_config_apply_per_lib :  ITTAPI function instrumented: __itt_model_task_begin
518559 : 0x44c17f6da95143 : 2 : ittapi_config_apply_per_lib :  ITTAPI function instrumented: __itt_model_task_end
518559 : 0x44c17f6da9588b : 2 : ittapi_config_apply_per_lib :  ITTAPI function instrumented: __itt_model_lock_acquire
518559 : 0x44c17f6e271fed : 2 : ittapi_config_apply_per_lib :  ITTAPI function instrumented: __itt_model_lock_release
518559 : 0x44c17f6e274ca7 : 2 : ittapi_config_apply_per_lib :  ITTAPI function not implemented: __itt_model_record_allocation
518559 : 0x44c17f6e275b0b : 2 : ittapi_config_apply_per_lib :  ITTAPI function not implemented: __itt_model_record_deallocation
518559 : 0x44c17f6e276689 : 2 : ittapi_config_apply_per_lib :  ITTAPI function not implemented: __itt_model_induction_uses
518559 : 0x44c17f6e277393 : 2 : ittapi_config_apply_per_lib :  ITTAPI function not implemented: __itt_model_reduction_uses
518559 : 0x44c17f6e277e3f : 2 : ittapi_config_apply_per_lib :  ITTAPI function not implemented: __itt_model_observe_uses
518559 : 0x44c17f6e278887 : 2 : ittapi_config_apply_per_lib :  ITTAPI function not implemented: __itt_model_clear_uses
518559 : 0x44c17f6e27935d : 2 : ittapi_config_apply_per_lib :  ITTAPI function instrumented: __itt_model_site_beginA
518559 : 0x44c17f6e279cab : 2 : ittapi_config_apply_per_lib :  ITTAPI function instrumented: __itt_model_site_beginAL
518559 : 0x44c17f6e27a7a9 : 2 : ittapi_config_apply_per_lib :  ITTAPI function instrumented: __itt_model_task_beginA
518559 : 0x44c17f6ea8410f : 2 : ittapi_config_apply_per_lib :  ITTAPI function instrumented: __itt_model_task_beginAL
518559 : 0x44c17f6ea856cd : 2 : ittapi_config_apply_per_lib :  ITTAPI function instrumented: __itt_model_iteration_taskA
518559 : 0x44c17f6ea860b9 : 2 : ittapi_config_apply_per_lib :  ITTAPI function instrumented: __itt_model_iteration_taskAL
518559 : 0x44c17f6ea86bc7 : 2 : ittapi_config_apply_per_lib :  ITTAPI function instrumented: __itt_model_site_end_2
518559 : 0x44c17f6ea8773b : 2 : ittapi_config_apply_per_lib :  ITTAPI function instrumented: __itt_model_task_end_2
518559 : 0x44c17f6ea87fff : 2 : ittapi_config_apply_per_lib :  ITTAPI function instrumented: __itt_model_lock_acquire_2
518559 : 0x44c17f6ea88903 : 2 : ittapi_config_apply_per_lib :  ITTAPI function instrumented: __itt_model_lock_release_2
518559 : 0x44c17f6ea89345 : 2 : ittapi_config_apply_per_lib :  ITTAPI function instrumented: __itt_model_aggregate_task
518559 : 0x44c17f6ea89d03 : 2 : ittapi_config_apply_per_lib :  ITTAPI function instrumented: __itt_model_disable_push
518559 : 0x44c17f6ea8a573 : 2 : ittapi_config_apply_per_lib :  ITTAPI function instrumented: __itt_model_disable_pop
518559 : 0x44c17f6f1e6a73 : 2 : ittapi_config_apply_per_lib :  ITTAPI function instrumented: __itt_heap_function_create
518559 : 0x44c17f6f1e7aeb : 2 : ittapi_config_apply_per_lib :  ITTAPI function instrumented: __itt_heap_allocate_begin
518559 : 0x44c17f6f1e85a7 : 2 : ittapi_config_apply_per_lib :  ITTAPI function instrumented: __itt_heap_allocate_end
518559 : 0x44c17f6f1e8f37 : 2 : ittapi_config_apply_per_lib :  ITTAPI function instrumented: __itt_heap_free_begin
518559 : 0x44c17f6f1e98d1 : 2 : ittapi_config_apply_per_lib :  ITTAPI function instrumented: __itt_heap_free_end
518559 : 0x44c17f6f1ea351 : 2 : ittapi_config_apply_per_lib :  ITTAPI function instrumented: __itt_heap_reallocate_begin
518559 : 0x44c17f6f1eae5b : 2 : ittapi_config_apply_per_lib :  ITTAPI function instrumented: __itt_heap_reallocate_end
518559 : 0x44c17f6f1ec601 : 2 : ittapi_config_apply_per_lib :  ITTAPI function not implemented: __itt_heap_internal_access_begin
518559 : 0x44c17f6f1ed31f : 2 : ittapi_config_apply_per_lib :  ITTAPI function not implemented: __itt_heap_internal_access_end
518559 : 0x44c17f6f1edee7 : 2 : ittapi_config_apply_per_lib :  ITTAPI function not implemented: __itt_heap_record_memory_growth_begin
518559 : 0x44c17f6f8ab8ef : 2 : ittapi_config_apply_per_lib :  ITTAPI function not implemented: __itt_heap_record_memory_growth_end
518559 : 0x44c17f6f8ac86b : 2 : ittapi_config_apply_per_lib :  ITTAPI function not implemented: __itt_id_create
518559 : 0x44c17f6f8ad209 : 2 : ittapi_config_apply_per_lib :  ITTAPI function not implemented: __itt_id_destroy
518559 : 0x44c17f6f8adb5d : 2 : ittapi_config_apply_per_lib :  ITTAPI function not implemented: __itt_region_begin
518559 : 0x44c17f6f8ae3d3 : 2 : ittapi_config_apply_per_lib :  ITTAPI function not implemented: __itt_region_end
518559 : 0x44c17f6f8aedb5 : 2 : ittapi_config_apply_per_lib :  ITTAPI function instrumented: __itt_frame_begin_v3
518559 : 0x44c17f6f8af69f : 2 : ittapi_config_apply_per_lib :  ITTAPI function instrumented: __itt_frame_end_v3
518559 : 0x44c17f6f8b0043 : 2 : ittapi_config_apply_per_lib :  ITTAPI function not implemented: __itt_task_group
518559 : 0x44c17f6f8b089f : 2 : ittapi_config_apply_per_lib :  ITTAPI function instrumented: __itt_task_begin
518559 : 0x44c17f6f8b18cd : 2 : ittapi_config_apply_per_lib :  ITTAPI function instrumented: __itt_task_begin_fn
518559 : 0x44c17f6ffdf7f7 : 2 : ittapi_config_apply_per_lib :  ITTAPI function instrumented: __itt_task_end
518559 : 0x44c17f6ffe07e3 : 2 : ittapi_config_apply_per_lib :  ITTAPI function not implemented: __itt_counter_inc_v3
518559 : 0x44c17f6ffe1aa9 : 2 : ittapi_config_apply_per_lib :  ITTAPI function not implemented: __itt_counter_inc_delta_v3
518559 : 0x44c17f6ffe2405 : 2 : ittapi_config_apply_per_lib :  ITTAPI function not implemented: __itt_marker
518559 : 0x44c17f6ffe2dc7 : 2 : ittapi_config_apply_per_lib :  ITTAPI function instrumented: __itt_metadata_add
518559 : 0x44c17f6ffe3751 : 2 : ittapi_config_apply_per_lib :  ITTAPI function not implemented: __itt_metadata_str_add
518559 : 0x44c17f6ffe4139 : 2 : ittapi_config_apply_per_lib :  ITTAPI function not implemented: __itt_relation_add_to_current
518559 : 0x44c17f6ffe4ad1 : 2 : ittapi_config_apply_per_lib :  ITTAPI function not implemented: __itt_relation_add
518559 : 0x44c17f6ffe5355 : 2 : ittapi_config_apply_per_lib :  ITTAPI function instrumented: __itt_event_create
518559 : 0x44c17f6ffe5b0f : 2 : ittapi_config_apply_per_lib :  ITTAPI function instrumented: __itt_event_start
518559 : 0x44c17f70742159 : 2 : ittapi_config_apply_per_lib :  ITTAPI function instrumented: __itt_event_end
518559 : 0x44c17f70746481 : 2 : ittapi_config_apply_per_lib :  ITTAPI function NOT instrumented (not matched by --itt-config option): __itt_sync_set_name

518559 : 0x44c17f7074a45f : 2 : ittapi_config_apply_per_lib :  ITTAPI function NOT instrumented (not matched by --itt-config option): __itt_notify_sync_name

518559 : 0x44c17f7074d699 : 2 : ittapi_config_apply_per_lib :  ITTAPI function NOT instrumented (not matched by --itt-config option): __itt_notify_sync_prepare

518559 : 0x44c17f7075076f : 2 : ittapi_config_apply_per_lib :  ITTAPI function NOT instrumented (not matched by --itt-config option): __itt_notify_sync_cancel

518559 : 0x44c17f7075372f : 2 : ittapi_config_apply_per_lib :  ITTAPI function NOT instrumented (not matched by --itt-config option): __itt_notify_sync_acquired

518559 : 0x44c17f70753ed9 : 2 : ittapi_config_apply_per_lib :  ITTAPI function NOT instrumented (not matched by --itt-config option): __itt_notify_sync_releasing

518559 : 0x44c17f70754c03 : 2 : ittapi_config_apply_per_lib :  ITTAPI function not implemented: __itt_memory_read
518559 : 0x44c17f7075570f : 2 : ittapi_config_apply_per_lib :  ITTAPI function not implemented: __itt_memory_write
518559 : 0x44c17f707562fd : 2 : ittapi_config_apply_per_lib :  ITTAPI function not implemented: __itt_memory_update
518559 : 0x44c17f70e24e7b : 2 : ittapi_config_apply_per_lib :  ITTAPI function not implemented: __itt_state_get
518559 : 0x44c17f70e2650f : 2 : ittapi_config_apply_per_lib :  ITTAPI function not implemented: __itt_state_set
518559 : 0x44c17f70e26ff7 : 2 : ittapi_config_apply_per_lib :  ITTAPI function not implemented: __itt_obj_mode_set
518559 : 0x44c17f70e27bef : 2 : ittapi_config_apply_per_lib :  ITTAPI function not implemented: __itt_thr_mode_set
518559 : 0x44c17f70e28563 : 2 : ittapi_config_apply_per_lib :  ITTAPI function instrumented: __itt_frame_create
518559 : 0x44c17f70e29077 : 2 : ittapi_config_apply_per_lib :  ITTAPI function instrumented: __itt_frame_begin
518559 : 0x44c17f70e2997b : 2 : ittapi_config_apply_per_lib :  ITTAPI function instrumented: __itt_frame_end
518559 : 0x44c17f70e2a3d7 : 2 : ittapi_config_apply_per_lib :  ITTAPI function instrumented: __itt_counter_create
518559 : 0x44c17f70e2b19f : 2 : ittapi_config_apply_per_lib :  ITTAPI function not implemented: __itt_counter_destroy
518559 : 0x44c17f70e2bb51 : 2 : ittapi_config_apply_per_lib :  ITTAPI function instrumented: __itt_counter_inc
518559 : 0x44c17f71593361 : 2 : ittapi_config_apply_per_lib :  ITTAPI function instrumented: __itt_counter_inc_delta
518559 : 0x44c17f71598c01 : 2 : ittapi_config_apply_per_lib :  ITTAPI function not implemented: __itt_mark_create
518559 : 0x44c17f7159cdad : 2 : ittapi_config_apply_per_lib :  ITTAPI function not implemented: __itt_mark
518559 : 0x44c17f715a1309 : 2 : ittapi_config_apply_per_lib :  ITTAPI function not implemented: __itt_mark_off
518559 : 0x44c17f715a3801 : 2 : ittapi_config_apply_per_lib :  ITTAPI function not implemented: __itt_mark_global
518559 : 0x44c17f715a4297 : 2 : ittapi_config_apply_per_lib :  ITTAPI function not implemented: __itt_mark_global_off
518559 : 0x44c17f715a4d35 : 2 : ittapi_config_apply_per_lib :  ITTAPI function instrumented: __itt_stack_caller_create
518559 : 0x44c17f715a56c5 : 2 : ittapi_config_apply_per_lib :  ITTAPI function instrumented: __itt_stack_caller_destroy
518559 : 0x44c17f715a60c7 : 2 : ittapi_config_apply_per_lib :  ITTAPI function instrumented: __itt_stack_callee_enter
518559 : 0x44c17f715a6a27 : 2 : ittapi_config_apply_per_lib :  ITTAPI function instrumented: __itt_stack_callee_leave
518559 : 0x44c17f71d168d5 : 2 : ittapi_config_apply_per_lib :  ITTAPI function not implemented: __itt_clock_domain_create
518559 : 0x44c17f71d1be2b : 2 : ittapi_config_apply_per_lib :  ITTAPI function not implemented: __itt_clock_domain_reset
518559 : 0x44c17f71d1f219 : 2 : ittapi_config_apply_per_lib :  ITTAPI function not implemented: __itt_id_create_ex
518559 : 0x44c17f71d213e9 : 2 : ittapi_config_apply_per_lib :  ITTAPI function not implemented: __itt_id_destroy_ex
518559 : 0x44c17f71d21ee7 : 2 : ittapi_config_apply_per_lib :  ITTAPI function not implemented: __itt_task_begin_ex
518559 : 0x44c17f71d22747 : 2 : ittapi_config_apply_per_lib :  ITTAPI function not implemented: __itt_task_begin_fn_ex
518559 : 0x44c17f71d22ec3 : 2 : ittapi_config_apply_per_lib :  ITTAPI function not implemented: __itt_task_end_ex
518559 : 0x44c17f71d237ad : 2 : ittapi_config_apply_per_lib :  ITTAPI function instrumented: __itt_task_begin_overlapped
518559 : 0x44c17f71d2415b : 2 : ittapi_config_apply_per_lib :  ITTAPI function not implemented: __itt_task_begin_overlapped_ex
518559 : 0x44c17f71d248fb : 2 : ittapi_config_apply_per_lib :  ITTAPI function instrumented: __itt_task_end_overlapped
518559 : 0x44c17f7241110f : 2 : ittapi_config_apply_per_lib :  ITTAPI function not implemented: __itt_task_end_overlapped_ex
518559 : 0x44c17f724120f3 : 2 : ittapi_config_apply_per_lib :  ITTAPI function not implemented: __itt_marker_ex
518559 : 0x44c17f724134ed : 2 : ittapi_config_apply_per_lib :  ITTAPI function not implemented: __itt_metadata_add_with_scope
518559 : 0x44c17f7241421f : 2 : ittapi_config_apply_per_lib :  ITTAPI function not implemented: __itt_metadata_str_add_with_scope
518559 : 0x44c17f72414d39 : 2 : ittapi_config_apply_per_lib :  ITTAPI function not implemented: __itt_relation_add_to_current_ex
518559 : 0x44c17f72415895 : 2 : ittapi_config_apply_per_lib :  ITTAPI function not implemented: __itt_relation_add_ex
518559 : 0x44c17f724162fd : 2 : ittapi_config_apply_per_lib :  ITTAPI function not implemented: __itt_track_group_create
518559 : 0x44c17f72416bf3 : 2 : ittapi_config_apply_per_lib :  ITTAPI function not implemented: __itt_track_create
518559 : 0x44c17f724176cb : 2 : ittapi_config_apply_per_lib :  ITTAPI function not implemented: __itt_set_track
518559 : 0x44c17f724181cf : 2 : ittapi_config_apply_per_lib :  ITTAPI function instrumented: __itt_api_version
518559 : 0x44c17f72b47159 : 2 : ittapi_config_apply_per_lib :  ITTAPI function not implemented: __itt_av_save
518559 : 0x44c17f92601dad : 2 : ittapi_config_mask_get :  --itt-config mask to be applied: 183
518559 : 0x44c17f92607f8d : 2 : ittapi_config_apply_per_lib :  ITTAPI function instrumented: __itt_domain_create
518559 : 0x44c17f92608ccd : 2 : ittapi_config_apply_per_lib :  ITTAPI function instrumented: __itt_string_handle_create
518559 : 0x44c17f92609879 : 2 : ittapi_config_apply_per_lib :  ITTAPI function instrumented: __itt_pause
518559 : 0x44c17f9260a3b9 : 2 : ittapi_config_apply_per_lib :  ITTAPI function instrumented: __itt_resume
518559 : 0x44c17f9260adc7 : 2 : ittapi_config_apply_per_lib :  ITTAPI function instrumented: __itt_thread_set_name
518559 : 0x44c17f9260b5c3 : 2 : ittapi_config_apply_per_lib :  ITTAPI function instrumented: __itt_thread_ignore
518559 : 0x44c17f9260bff3 : 2 : ittapi_config_apply_per_lib :  ITTAPI function instrumented: __itt_thr_name_set
518559 : 0x44c17f9260c9ad : 2 : ittapi_config_apply_per_lib :  ITTAPI function instrumented: __itt_thr_ignore
518559 : 0x44c17f930d544d : 2 : ittapi_config_apply_per_lib :  ITTAPI function NOT instrumented (not matched by --itt-config option): __itt_sync_create

518559 : 0x44c17f930d74c1 : 2 : ittapi_config_apply_per_lib :  ITTAPI function NOT instrumented (not matched by --itt-config option): __itt_sync_rename

518559 : 0x44c17f930d7d73 : 2 : ittapi_config_apply_per_lib :  ITTAPI function NOT instrumented (not matched by --itt-config option): __itt_sync_destroy

518559 : 0x44c17f930d87cb : 2 : ittapi_config_apply_per_lib :  ITTAPI function NOT instrumented (not matched by --itt-config option): __itt_sync_prepare

518559 : 0x44c17f930d902f : 2 : ittapi_config_apply_per_lib :  ITTAPI function NOT instrumented (not matched by --itt-config option): __itt_sync_cancel

518559 : 0x44c17f930d9847 : 2 : ittapi_config_apply_per_lib :  ITTAPI function NOT instrumented (not matched by --itt-config option): __itt_sync_acquired

518559 : 0x44c17f930da195 : 2 : ittapi_config_apply_per_lib :  ITTAPI function NOT instrumented (not matched by --itt-config option): __itt_sync_releasing

518559 : 0x44c17f930dc781 : 2 : ittapi_config_apply_per_lib :  ITTAPI function not implemented: __itt_suppress_push
518559 : 0x44c17f930dddfd : 2 : ittapi_config_apply_per_lib :  ITTAPI function not implemented: __itt_suppress_pop
518559 : 0x44c17f930ded07 : 2 : ittapi_config_apply_per_lib :  ITTAPI function not implemented: __itt_suppress_mark_range
518559 : 0x44c17f93a83fc9 : 2 : ittapi_config_apply_per_lib :  ITTAPI function not implemented: __itt_suppress_clear_range
518559 : 0x44c17f93a85d67 : 2 : ittapi_config_apply_per_lib :  ITTAPI function NOT instrumented (not matched by --itt-config option): __itt_sync_prepare

518559 : 0x44c17f93a866b7 : 2 : ittapi_config_apply_per_lib :  ITTAPI function NOT instrumented (not matched by --itt-config option): __itt_sync_cancel

518559 : 0x44c17f93a86e61 : 2 : ittapi_config_apply_per_lib :  ITTAPI function NOT instrumented (not matched by --itt-config option): __itt_sync_acquired

518559 : 0x44c17f93a87699 : 2 : ittapi_config_apply_per_lib :  ITTAPI function NOT instrumented (not matched by --itt-config option): __itt_sync_releasing

518559 : 0x44c17f93a8845b : 2 : ittapi_config_apply_per_lib :  ITTAPI function instrumented: __itt_model_site_begin
518559 : 0x44c17f93a8980d : 2 : ittapi_config_apply_per_lib :  ITTAPI function instrumented: __itt_model_site_end
518559 : 0x44c17f93a8a3a7 : 2 : ittapi_config_apply_per_lib :  ITTAPI function instrumented: __itt_model_task_begin
518559 : 0x44c17f93a8afdd : 2 : ittapi_config_apply_per_lib :  ITTAPI function instrumented: __itt_model_task_end
518559 : 0x44c17f93a8b9cf : 2 : ittapi_config_apply_per_lib :  ITTAPI function instrumented: __itt_model_lock_acquire
518559 : 0x44c17f941f7ee3 : 2 : ittapi_config_apply_per_lib :  ITTAPI function instrumented: __itt_model_lock_release
518559 : 0x44c17f94204595 : 2 : ittapi_config_apply_per_lib :  ITTAPI function not implemented: __itt_model_record_allocation
518559 : 0x44c17f94205219 : 2 : ittapi_config_apply_per_lib :  ITTAPI function not implemented: __itt_model_record_deallocation
518559 : 0x44c17f942062ab : 2 : ittapi_config_apply_per_lib :  ITTAPI function not implemented: __itt_model_induction_uses
518559 : 0x44c17f94206d49 : 2 : ittapi_config_apply_per_lib :  ITTAPI function not implemented: __itt_model_reduction_uses
518559 : 0x44c17f9420758d : 2 : ittapi_config_apply_per_lib :  ITTAPI function not implemented: __itt_model_observe_uses
518559 : 0x44c17f94207fe3 : 2 : ittapi_config_apply_per_lib :  ITTAPI function not implemented: __itt_model_clear_uses
518559 : 0x44c17f942088a5 : 2 : ittapi_config_apply_per_lib :  ITTAPI function instrumented: __itt_model_site_beginA
518559 : 0x44c17f94209071 : 2 : ittapi_config_apply_per_lib :  ITTAPI function instrumented: __itt_model_site_beginAL
518559 : 0x44c17f94209aad : 2 : ittapi_config_apply_per_lib :  ITTAPI function instrumented: __itt_model_task_beginA
518559 : 0x44c17f94ab960f : 2 : ittapi_config_apply_per_lib :  ITTAPI function instrumented: __itt_model_task_beginAL
518559 : 0x44c17f94ababe9 : 2 : ittapi_config_apply_per_lib :  ITTAPI function instrumented: __itt_model_iteration_taskA
518559 : 0x44c17f94abb5ef : 2 : ittapi_config_apply_per_lib :  ITTAPI function instrumented: __itt_model_iteration_taskAL
518559 : 0x44c17f94abc19f : 2 : ittapi_config_apply_per_lib :  ITTAPI function instrumented: __itt_model_site_end_2
518559 : 0x44c17f94abd41d : 2 : ittapi_config_apply_per_lib :  ITTAPI function instrumented: __itt_model_task_end_2
518559 : 0x44c17f94abddd5 : 2 : ittapi_config_apply_per_lib :  ITTAPI function instrumented: __itt_model_lock_acquire_2
518559 : 0x44c17f94abe86b : 2 : ittapi_config_apply_per_lib :  ITTAPI function instrumented: __itt_model_lock_release_2
518559 : 0x44c17f94abf3d7 : 2 : ittapi_config_apply_per_lib :  ITTAPI function instrumented: __itt_model_aggregate_task
518559 : 0x44c17f94abfcd3 : 2 : ittapi_config_apply_per_lib :  ITTAPI function instrumented: __itt_model_disable_push
518559 : 0x44c17f94ac05af : 2 : ittapi_config_apply_per_lib :  ITTAPI function instrumented: __itt_model_disable_pop
518559 : 0x44c17f9535184b : 2 : ittapi_config_apply_per_lib :  ITTAPI function instrumented: __itt_heap_function_create
518559 : 0x44c17f95353a0b : 2 : ittapi_config_apply_per_lib :  ITTAPI function instrumented: __itt_heap_allocate_begin
518559 : 0x44c17f9535464b : 2 : ittapi_config_apply_per_lib :  ITTAPI function instrumented: __itt_heap_allocate_end
518559 : 0x44c17f9535512b : 2 : ittapi_config_apply_per_lib :  ITTAPI function instrumented: __itt_heap_free_begin
518559 : 0x44c17f95355b47 : 2 : ittapi_config_apply_per_lib :  ITTAPI function instrumented: __itt_heap_free_end
518559 : 0x44c17f95356689 : 2 : ittapi_config_apply_per_lib :  ITTAPI function instrumented: __itt_heap_reallocate_begin
518559 : 0x44c17f9535720b : 2 : ittapi_config_apply_per_lib :  ITTAPI function instrumented: __itt_heap_reallocate_end
518559 : 0x44c17f95358c65 : 2 : ittapi_config_apply_per_lib :  ITTAPI function not implemented: __itt_heap_internal_access_begin
518559 : 0x44c17f95359a09 : 2 : ittapi_config_apply_per_lib :  ITTAPI function not implemented: __itt_heap_internal_access_end
518559 : 0x44c17f9535a619 : 2 : ittapi_config_apply_per_lib :  ITTAPI function not implemented: __itt_heap_record_memory_growth_begin
518559 : 0x44c17f95a79867 : 2 : ittapi_config_apply_per_lib :  ITTAPI function not implemented: __itt_heap_record_memory_growth_end
518559 : 0x44c17f95a7f851 : 2 : ittapi_config_apply_per_lib :  ITTAPI function not implemented: __itt_id_create
518559 : 0x44c17f95a83d09 : 2 : ittapi_config_apply_per_lib :  ITTAPI function not implemented: __itt_id_destroy
518559 : 0x44c17f95a852cd : 2 : ittapi_config_apply_per_lib :  ITTAPI function not implemented: __itt_region_begin
518559 : 0x44c17f95a85de7 : 2 : ittapi_config_apply_per_lib :  ITTAPI function not implemented: __itt_region_end
518559 : 0x44c17f95a86a6d : 2 : ittapi_config_apply_per_lib :  ITTAPI function instrumented: __itt_frame_begin_v3
518559 : 0x44c17f95a87587 : 2 : ittapi_config_apply_per_lib :  ITTAPI function instrumented: __itt_frame_end_v3
518559 : 0x44c17f95a881ff : 2 : ittapi_config_apply_per_lib :  ITTAPI function not implemented: __itt_task_group
518559 : 0x44c17f95a88957 : 2 : ittapi_config_apply_per_lib :  ITTAPI function instrumented: __itt_task_begin
518559 : 0x44c17f95a89173 : 2 : ittapi_config_apply_per_lib :  ITTAPI function instrumented: __itt_task_begin_fn
518559 : 0x44c17f96178e9d : 2 : ittapi_config_apply_per_lib :  ITTAPI function instrumented: __itt_task_end
518559 : 0x44c17f9617a0ad : 2 : ittapi_config_apply_per_lib :  ITTAPI function not implemented: __itt_counter_inc_v3
518559 : 0x44c17f9617ac05 : 2 : ittapi_config_apply_per_lib :  ITTAPI function not implemented: __itt_counter_inc_delta_v3
518559 : 0x44c17f9617b93f : 2 : ittapi_config_apply_per_lib :  ITTAPI function not implemented: __itt_marker
518559 : 0x44c17f9617c347 : 2 : ittapi_config_apply_per_lib :  ITTAPI function instrumented: __itt_metadata_add
518559 : 0x44c17f9617ce8d : 2 : ittapi_config_apply_per_lib :  ITTAPI function not implemented: __itt_metadata_str_add
518559 : 0x44c17f9617dbf7 : 2 : ittapi_config_apply_per_lib :  ITTAPI function not implemented: __itt_relation_add_to_current
518559 : 0x44c17f9617e77d : 2 : ittapi_config_apply_per_lib :  ITTAPI function not implemented: __itt_relation_add
518559 : 0x44c17f9617f161 : 2 : ittapi_config_apply_per_lib :  ITTAPI function instrumented: __itt_event_create
518559 : 0x44c17f9617fc73 : 2 : ittapi_config_apply_per_lib :  ITTAPI function instrumented: __itt_event_start
518559 : 0x44c17f9696e2f5 : 2 : ittapi_config_apply_per_lib :  ITTAPI function instrumented: __itt_event_end
518559 : 0x44c17f9696ef21 : 2 : ittapi_config_apply_per_lib :  ITTAPI function NOT instrumented (not matched by --itt-config option): __itt_sync_set_name

518559 : 0x44c17f9696f837 : 2 : ittapi_config_apply_per_lib :  ITTAPI function NOT instrumented (not matched by --itt-config option): __itt_notify_sync_name

518559 : 0x44c17f96970091 : 2 : ittapi_config_apply_per_lib :  ITTAPI function NOT instrumented (not matched by --itt-config option): __itt_notify_sync_prepare

518559 : 0x44c17f96970803 : 2 : ittapi_config_apply_per_lib :  ITTAPI function NOT instrumented (not matched by --itt-config option): __itt_notify_sync_cancel

518559 : 0x44c17f96970fc7 : 2 : ittapi_config_apply_per_lib :  ITTAPI function NOT instrumented (not matched by --itt-config option): __itt_notify_sync_acquired

518559 : 0x44c17f969716e5 : 2 : ittapi_config_apply_per_lib :  ITTAPI function NOT instrumented (not matched by --itt-config option): __itt_notify_sync_releasing

518559 : 0x44c17f96972303 : 2 : ittapi_config_apply_per_lib :  ITTAPI function not implemented: __itt_memory_read
518559 : 0x44c17f96972f9d : 2 : ittapi_config_apply_per_lib :  ITTAPI function not implemented: __itt_memory_write
518559 : 0x44c17f96973aa5 : 2 : ittapi_config_apply_per_lib :  ITTAPI function not implemented: __itt_memory_update
518559 : 0x44c17f971b7e91 : 2 : ittapi_config_apply_per_lib :  ITTAPI function not implemented: __itt_state_get
518559 : 0x44c17f971b8cc9 : 2 : ittapi_config_apply_per_lib :  ITTAPI function not implemented: __itt_state_set
518559 : 0x44c17f971b9943 : 2 : ittapi_config_apply_per_lib :  ITTAPI function not implemented: __itt_obj_mode_set
518559 : 0x44c17f971ba34f : 2 : ittapi_config_apply_per_lib :  ITTAPI function not implemented: __itt_thr_mode_set
518559 : 0x44c17f971bacc9 : 2 : ittapi_config_apply_per_lib :  ITTAPI function instrumented: __itt_frame_create
518559 : 0x44c17f971bb897 : 2 : ittapi_config_apply_per_lib :  ITTAPI function instrumented: __itt_frame_begin
518559 : 0x44c17f971bc21b : 2 : ittapi_config_apply_per_lib :  ITTAPI function instrumented: __itt_frame_end
518559 : 0x44c17f971bcbc5 : 2 : ittapi_config_apply_per_lib :  ITTAPI function instrumented: __itt_counter_create
518559 : 0x44c17f971bd9fd : 2 : ittapi_config_apply_per_lib :  ITTAPI function not implemented: __itt_counter_destroy
518559 : 0x44c17f971be4b9 : 2 : ittapi_config_apply_per_lib :  ITTAPI function instrumented: __itt_counter_inc
518559 : 0x44c17f978ea5db : 2 : ittapi_config_apply_per_lib :  ITTAPI function instrumented: __itt_counter_inc_delta
518559 : 0x44c17f978eb5d9 : 2 : ittapi_config_apply_per_lib :  ITTAPI function not implemented: __itt_mark_create
518559 : 0x44c17f978ec0c3 : 2 : ittapi_config_apply_per_lib :  ITTAPI function not implemented: __itt_mark
518559 : 0x44c17f978ecd7d : 2 : ittapi_config_apply_per_lib :  ITTAPI function not implemented: __itt_mark_off
518559 : 0x44c17f978ed759 : 2 : ittapi_config_apply_per_lib :  ITTAPI function not implemented: __itt_mark_global
518559 : 0x44c17f978ee1c7 : 2 : ittapi_config_apply_per_lib :  ITTAPI function not implemented: __itt_mark_global_off
518559 : 0x44c17f978eebf7 : 2 : ittapi_config_apply_per_lib :  ITTAPI function instrumented: __itt_stack_caller_create
518559 : 0x44c17f978ef5cd : 2 : ittapi_config_apply_per_lib :  ITTAPI function instrumented: __itt_stack_caller_destroy
518559 : 0x44c17f978effab : 2 : ittapi_config_apply_per_lib :  ITTAPI function instrumented: __itt_stack_callee_enter
518559 : 0x44c17f978f090d : 2 : ittapi_config_apply_per_lib :  ITTAPI function instrumented: __itt_stack_callee_leave
518559 : 0x44c17f981b42a1 : 2 : ittapi_config_apply_per_lib :  ITTAPI function not implemented: __itt_clock_domain_create
518559 : 0x44c17f981b521f : 2 : ittapi_config_apply_per_lib :  ITTAPI function not implemented: __itt_clock_domain_reset
518559 : 0x44c17f981b5bf7 : 2 : ittapi_config_apply_per_lib :  ITTAPI function not implemented: __itt_id_create_ex
518559 : 0x44c17f981b6821 : 2 : ittapi_config_apply_per_lib :  ITTAPI function not implemented: __itt_id_destroy_ex
518559 : 0x44c17f981b73fb : 2 : ittapi_config_apply_per_lib :  ITTAPI function not implemented: __itt_task_begin_ex
518559 : 0x44c17f981b7ea9 : 2 : ittapi_config_apply_per_lib :  ITTAPI function not implemented: __itt_task_begin_fn_ex
518559 : 0x44c17f981b897f : 2 : ittapi_config_apply_per_lib :  ITTAPI function not implemented: __itt_task_end_ex
518559 : 0x44c17f981b9509 : 2 : ittapi_config_apply_per_lib :  ITTAPI function instrumented: __itt_task_begin_overlapped
518559 : 0x44c17f981b9f95 : 2 : ittapi_config_apply_per_lib :  ITTAPI function not implemented: __itt_task_begin_overlapped_ex
518559 : 0x44c17f981ba895 : 2 : ittapi_config_apply_per_lib :  ITTAPI function instrumented: __itt_task_end_overlapped
518559 : 0x44c17f988cc3cb : 2 : ittapi_config_apply_per_lib :  ITTAPI function not implemented: __itt_task_end_overlapped_ex
518559 : 0x44c17f988cd417 : 2 : ittapi_config_apply_per_lib :  ITTAPI function not implemented: __itt_marker_ex
518559 : 0x44c17f988ce04d : 2 : ittapi_config_apply_per_lib :  ITTAPI function not implemented: __itt_metadata_add_with_scope
518559 : 0x44c17f988cebb5 : 2 : ittapi_config_apply_per_lib :  ITTAPI function not implemented: __itt_metadata_str_add_with_scope
518559 : 0x44c17f988cf609 : 2 : ittapi_config_apply_per_lib :  ITTAPI function not implemented: __itt_relation_add_to_current_ex
518559 : 0x44c17f988d012f : 2 : ittapi_config_apply_per_lib :  ITTAPI function not implemented: __itt_relation_add_ex
518559 : 0x44c17f988d0d75 : 2 : ittapi_config_apply_per_lib :  ITTAPI function not implemented: __itt_track_group_create
518559 : 0x44c17f988d16df : 2 : ittapi_config_apply_per_lib :  ITTAPI function not implemented: __itt_track_create
518559 : 0x44c17f988d21ed : 2 : ittapi_config_apply_per_lib :  ITTAPI function not implemented: __itt_set_track
518559 : 0x44c17f988d2c23 : 2 : ittapi_config_apply_per_lib :  ITTAPI function instrumented: __itt_api_version
518559 : 0x44c17f99050657 : 2 : ittapi_config_apply_per_lib :  ITTAPI function not implemented: __itt_av_save