<?xml version="1.0" encoding="utf-8" ?>
<!-- DO NOT EDIT THIS FILE -->

<log version='2.0' source='trc'>
	<msg id='1' display='false' source='trc'>
		<type>PROCESS_START</type>
		<severity>INFO</severity>
		<timestamp>Wed Mar 15 09:13:43 2023</timestamp>
		<arg name='process'>/home/u185693/test_folder/oneAPI-samples/DirectProgramming/C++SYCL/N-BodyMethods/Nbody/build/src/nbody</arg>
		<arg name='pid'>498061</arg>
	</msg>
	<!-- Instrumentation filter's state:
    Patterns applicability:
        Generic loop pattern.....................: disabled
        Generic loop pattern (with dynamic jumps): disabled
        Known trip value loop pattern............: disabled
        Runtime final value loop pattern.........: disabled
        No initial IV loop pattern...............: disabled
        IV step only loop pattern................: disabled
        No entry loop pattern....................: disabled
    Clustered memory model (CMM) applicability:
        Generic loop pattern.....................: enabled
        Generic loop pattern (with dynamic jumps): enabled
        Known trip value loop pattern............: enabled
        Runtime final value loop pattern.........: enabled
        No initial IV loop pattern...............: enabled
        IV step only loop pattern................: enabled
        No entry loop pattern....................: disabled
 -->
	<!-- Callstack mode:
    filter modules.........: true
    filter routines........: true
    count loops............: false
    count flops............: false
    trace..................: false
    extended trace.........: false
    omp trace..............: false
    jit trace..............: false
    failures trace.........: false
    dump raw...............: false
    dump final.............: false
    dump all...............: false
    stack stitching........: true
    stl profiling..........: true
    aggressive frame switch: true
    unwind frame exit......: true
    analyze child loops....: true
 -->
	<!-- Managed application profiling: -->
	<!-- 	State...................: enabled -->
	<!-- Gpu Profiling: -->
	<!-- 	State: disabled -->
	<msg id='2' display='false' source='trc'>
		<type>PROCESS_ANALYSIS_MODE</type>
		<severity>INFO</severity>
		<timestamp>Wed Mar 15 09:13:43 2023</timestamp>
		<arg name='mode'>full</arg>
	</msg>
	<!-- Update image info for [1:0x400000:YN] /home/u185693/test_folder/oneAPI-samples/DirectProgramming/C++SYCL/N-BodyMethods/Nbody/build/src/nbody -->
	<msg id='3' display='false' source='trc'>
		<type>LOAD_MODULE</type>
		<severity>INFO</severity>
		<timestamp>Wed Mar 15 09:13:43 2023</timestamp>
		<arg name='module'>/home/u185693/test_folder/oneAPI-samples/DirectProgramming/C++SYCL/N-BodyMethods/Nbody/build/src/nbody</arg>
		<arg name='basement'>0x400000</arg>
		<arg name='ceiling'>0x5a13ef</arg>
		<arg name='symtab'>yes</arg>
	</msg>
	<!-- Instrumenting image: id = 1, name = /home/u185693/test_folder/oneAPI-samples/DirectProgramming/C++SYCL/N-BodyMethods/Nbody/build/src/nbody -->
	<!-- skipping routine "GSimulation::Start", reason cannot build control-flow graph (HasDynamicJumps) -->
	<!-- Update image info for [2:0x7FC78AFE6000:NN] /lib64/ld-linux-x86-64.so.2 -->
	<msg id='4' display='false' source='trc'>
		<type>LOAD_MODULE</type>
		<severity>INFO</severity>
		<timestamp>Wed Mar 15 09:13:43 2023</timestamp>
		<arg name='module'>/lib64/ld-linux-x86-64.so.2</arg>
		<arg name='basement'>0x7fc78afe6000</arg>
		<arg name='ceiling'>0x7fc78b01518f</arg>
		<arg name='symtab'>no</arg>
	</msg>
	<!-- Instrumentation of /lib64/ld-linux-x86-64.so.2 image skipped because of filter conditions. -->
	<!-- Update image info for [3:0x7FFEFE5E0000:NN] [vdso] -->
	<msg id='5' display='false' source='trc'>
		<type>LOAD_MODULE</type>
		<severity>INFO</severity>
		<timestamp>Wed Mar 15 09:13:43 2023</timestamp>
		<arg name='module'>[vdso]</arg>
		<arg name='basement'>0x7ffefe5e0000</arg>
		<arg name='ceiling'>0x7ffefe5e10eb</arg>
		<arg name='symtab'>no</arg>
	</msg>
	<!-- Instrumentation of [vdso] image skipped because of filter conditions [cs-mode]. -->
	<!-- Found 'clEnqueueNDRangeKernel' at 0x7fc7748e04e0 -->
	<!-- Found 'clEnqueueTask' at 0x7fc7748e0790 -->
	<!-- Found 'clGetCommandQueueInfo' at 0x7fc7748dfb40 -->
	<!-- Found 'clGetDeviceInfo' at 0x7fc7748df910 -->
	<!-- Found 'clGetExtensionFunctionAddressForPlatform' at 0x7fc7748df5c0 -->
	<!-- Found 'clGetKernelInfo' at 0x7fc7748dffb0 -->
	<!-- Instrumenting 'clEnqueueNDRangeKernel' -->
	<!-- Instrumenting 'clEnqueueTask' -->
	<!-- Update image info for [4:0x7FC7748D7000:YN] /glob/development-tools/versions/oneapi/2023.0.1/oneapi/compiler/2023.0.0/linux/lib/libOpenCL.so.1 -->
	<msg id='6' display='false' source='trc'>
		<type>LOAD_MODULE</type>
		<severity>INFO</severity>
		<timestamp>Wed Mar 15 09:13:43 2023</timestamp>
		<arg name='module'>/glob/development-tools/versions/oneapi/2023.0.1/oneapi/compiler/2023.0.0/linux/lib/libOpenCL.so.1</arg>
		<arg name='basement'>0x7fc7748d7000</arg>
		<arg name='ceiling'>0x7fc7748e587b</arg>
		<arg name='symtab'>yes</arg>
	</msg>
	<!-- Instrumentation of /glob/development-tools/versions/oneapi/2023.0.1/oneapi/compiler/2023.0.0/linux/lib/libOpenCL.so.1 image skipped because of filter conditions. -->
	<!-- Update image info for [5:0x7FC77456D000:YN] /glob/development-tools/versions/oneapi/2023.0.1/oneapi/compiler/2023.0.0/linux/lib/libsycl.so.6 -->
	<msg id='7' display='false' source='trc'>
		<type>LOAD_MODULE</type>
		<severity>INFO</severity>
		<timestamp>Wed Mar 15 09:13:44 2023</timestamp>
		<arg name='module'>/glob/development-tools/versions/oneapi/2023.0.1/oneapi/compiler/2023.0.0/linux/lib/libsycl.so.6</arg>
		<arg name='basement'>0x7fc77456d000</arg>
		<arg name='ceiling'>0x7fc774851a8f</arg>
		<arg name='symtab'>yes</arg>
	</msg>
	<!-- Instrumentation of /glob/development-tools/versions/oneapi/2023.0.1/oneapi/compiler/2023.0.0/linux/lib/libsycl.so.6 image skipped because of filter conditions. -->
	<!-- Update image info for [6:0x7FC774258000:NN] /lib/x86_64-linux-gnu/libstdc++.so.6 -->
	<msg id='8' display='false' source='trc'>
		<type>LOAD_MODULE</type>
		<severity>INFO</severity>
		<timestamp>Wed Mar 15 09:13:44 2023</timestamp>
		<arg name='module'>/lib/x86_64-linux-gnu/libstdc++.so.6</arg>
		<arg name='basement'>0x7fc774258000</arg>
		<arg name='ceiling'>0x7fc7744397ff</arg>
		<arg name='symtab'>no</arg>
	</msg>
	<!-- Instrumentation of /lib/x86_64-linux-gnu/libstdc++.so.6 image skipped because of filter conditions. -->
	<!-- Update image info for [7:0x7FC7740D0000:NN] /lib/x86_64-linux-gnu/libm.so.6 -->
	<msg id='9' display='false' source='trc'>
		<type>LOAD_MODULE</type>
		<severity>INFO</severity>
		<timestamp>Wed Mar 15 09:13:44 2023</timestamp>
		<arg name='module'>/lib/x86_64-linux-gnu/libm.so.6</arg>
		<arg name='basement'>0x7fc7740d0000</arg>
		<arg name='ceiling'>0x7fc77421e10f</arg>
		<arg name='symtab'>no</arg>
	</msg>
	<!-- Instrumentation of /lib/x86_64-linux-gnu/libm.so.6 image skipped because of filter conditions [cs-mode]. -->
	<!-- Update image info for [8:0x7FC7740B5000:NN] /lib/x86_64-linux-gnu/libgcc_s.so.1 -->
	<msg id='10' display='false' source='trc'>
		<type>LOAD_MODULE</type>
		<severity>INFO</severity>
		<timestamp>Wed Mar 15 09:13:44 2023</timestamp>
		<arg name='module'>/lib/x86_64-linux-gnu/libgcc_s.so.1</arg>
		<arg name='basement'>0x7fc7740b5000</arg>
		<arg name='ceiling'>0x7fc7740cf447</arg>
		<arg name='symtab'>no</arg>
	</msg>
	<!-- Instrumentation of /lib/x86_64-linux-gnu/libgcc_s.so.1 image skipped because of filter conditions. -->
	<!-- Update image info for [9:0x7FC7740AF000:NN] /lib/x86_64-linux-gnu/libdl.so.2 -->
	<msg id='11' display='false' source='trc'>
		<type>LOAD_MODULE</type>
		<severity>INFO</severity>
		<timestamp>Wed Mar 15 09:13:44 2023</timestamp>
		<arg name='module'>/lib/x86_64-linux-gnu/libdl.so.2</arg>
		<arg name='basement'>0x7fc7740af000</arg>
		<arg name='ceiling'>0x7fc7740b410f</arg>
		<arg name='symtab'>no</arg>
	</msg>
	<!-- Instrumentation of /lib/x86_64-linux-gnu/libdl.so.2 image skipped because of filter conditions [cs-mode]. -->
	<!-- Update image info for [10:0x7FC773E7F000:NN] /lib/x86_64-linux-gnu/libc.so.6 -->
	<msg id='12' display='false' source='trc'>
		<type>LOAD_MODULE</type>
		<severity>INFO</severity>
		<timestamp>Wed Mar 15 09:13:44 2023</timestamp>
		<arg name='module'>/lib/x86_64-linux-gnu/libc.so.6</arg>
		<arg name='basement'>0x7fc773e7f000</arg>
		<arg name='ceiling'>0x7fc77407065f</arg>
		<arg name='symtab'>no</arg>
	</msg>
	<!-- Instrumentation of /lib/x86_64-linux-gnu/libc.so.6 image skipped because of filter conditions. -->
	<!-- Update image info for [11:0x7FC772873000:YN] /glob/development-tools/versions/oneapi/2023.0.1/oneapi/compiler/2023.0.0/linux/compiler/lib/intel64_lin/libsvml.so -->
	<msg id='13' display='false' source='trc'>
		<type>LOAD_MODULE</type>
		<severity>INFO</severity>
		<timestamp>Wed Mar 15 09:13:44 2023</timestamp>
		<arg name='module'>/glob/development-tools/versions/oneapi/2023.0.1/oneapi/compiler/2023.0.0/linux/compiler/lib/intel64_lin/libsvml.so</arg>
		<arg name='basement'>0x7fc772873000</arg>
		<arg name='ceiling'>0x7fc773e7ed87</arg>
		<arg name='symtab'>yes</arg>
	</msg>
	<!-- Instrumentation of /glob/development-tools/versions/oneapi/2023.0.1/oneapi/compiler/2023.0.0/linux/compiler/lib/intel64_lin/libsvml.so image skipped because of filter conditions [cs-mode]. -->
	<!-- Update image info for [12:0x7FC772509000:YN] /glob/development-tools/versions/oneapi/2023.0.1/oneapi/compiler/2023.0.0/linux/compiler/lib/intel64_lin/libirng.so -->
	<msg id='14' display='false' source='trc'>
		<type>LOAD_MODULE</type>
		<severity>INFO</severity>
		<timestamp>Wed Mar 15 09:13:44 2023</timestamp>
		<arg name='module'>/glob/development-tools/versions/oneapi/2023.0.1/oneapi/compiler/2023.0.0/linux/compiler/lib/intel64_lin/libirng.so</arg>
		<arg name='basement'>0x7fc772509000</arg>
		<arg name='ceiling'>0x7fc772872d17</arg>
		<arg name='symtab'>yes</arg>
	</msg>
	<!-- Instrumentation of /glob/development-tools/versions/oneapi/2023.0.1/oneapi/compiler/2023.0.0/linux/compiler/lib/intel64_lin/libirng.so image skipped because of filter conditions [cs-mode]. -->
	<!-- Update image info for [13:0x7FC772124000:YN] /glob/development-tools/versions/oneapi/2023.0.1/oneapi/compiler/2023.0.0/linux/compiler/lib/intel64_lin/libimf.so -->
	<msg id='15' display='false' source='trc'>
		<type>LOAD_MODULE</type>
		<severity>INFO</severity>
		<timestamp>Wed Mar 15 09:13:44 2023</timestamp>
		<arg name='module'>/glob/development-tools/versions/oneapi/2023.0.1/oneapi/compiler/2023.0.0/linux/compiler/lib/intel64_lin/libimf.so</arg>
		<arg name='basement'>0x7fc772124000</arg>
		<arg name='ceiling'>0x7fc7725085df</arg>
		<arg name='symtab'>yes</arg>
	</msg>
	<!-- Instrumentation of /glob/development-tools/versions/oneapi/2023.0.1/oneapi/compiler/2023.0.0/linux/compiler/lib/intel64_lin/libimf.so image skipped because of filter conditions [cs-mode]. -->
	<!-- Update image info for [14:0x7FC7720B1000:YN] /glob/development-tools/versions/oneapi/2023.0.1/oneapi/compiler/2023.0.0/linux/compiler/lib/intel64_lin/libintlc.so.5 -->
	<msg id='16' display='false' source='trc'>
		<type>LOAD_MODULE</type>
		<severity>INFO</severity>
		<timestamp>Wed Mar 15 09:13:44 2023</timestamp>
		<arg name='module'>/glob/development-tools/versions/oneapi/2023.0.1/oneapi/compiler/2023.0.0/linux/compiler/lib/intel64_lin/libintlc.so.5</arg>
		<arg name='basement'>0x7fc7720b1000</arg>
		<arg name='ceiling'>0x7fc772123e37</arg>
		<arg name='symtab'>yes</arg>
	</msg>
	<!-- Instrumentation of /glob/development-tools/versions/oneapi/2023.0.1/oneapi/compiler/2023.0.0/linux/compiler/lib/intel64_lin/libintlc.so.5 image skipped because of filter conditions [cs-mode]. -->
	<!-- Update image info for [15:0x7FC77208A000:YN] /lib/x86_64-linux-gnu/libpthread.so.0 -->
	<msg id='17' display='false' source='trc'>
		<type>LOAD_MODULE</type>
		<severity>INFO</severity>
		<timestamp>Wed Mar 15 09:13:44 2023</timestamp>
		<arg name='module'>/lib/x86_64-linux-gnu/libpthread.so.0</arg>
		<arg name='basement'>0x7fc77208a000</arg>
		<arg name='ceiling'>0x7fc7720ac477</arg>
		<arg name='symtab'>yes</arg>
	</msg>
	<!-- Instrumentation of /lib/x86_64-linux-gnu/libpthread.so.0 image skipped because of filter conditions. -->
	<!-- Update image info for [16:0x7FC76B596000:YN] /glob/development-tools/versions/oneapi/2023.0.1/oneapi/compiler/2023.0.0/linux/lib/libpi_opencl.so -->
	<msg id='18' display='false' source='trc'>
		<type>LOAD_MODULE</type>
		<severity>INFO</severity>
		<timestamp>Wed Mar 15 09:13:44 2023</timestamp>
		<arg name='module'>/glob/development-tools/versions/oneapi/2023.0.1/oneapi/compiler/2023.0.0/linux/lib/libpi_opencl.so</arg>
		<arg name='basement'>0x7fc76b596000</arg>
		<arg name='ceiling'>0x7fc76b5e030f</arg>
		<arg name='symtab'>yes</arg>
	</msg>
	<!-- Instrumentation of /glob/development-tools/versions/oneapi/2023.0.1/oneapi/compiler/2023.0.0/linux/lib/libpi_opencl.so image skipped because of filter conditions [cs-mode]. -->
	<!-- Update image info for [17:0x7FC76B18F000:YN] /glob/development-tools/versions/oneapi/2023.0.1/oneapi/compiler/2023.0.0/linux/lib/libpi_level_zero.so -->
	<msg id='19' display='false' source='trc'>
		<type>LOAD_MODULE</type>
		<severity>INFO</severity>
		<timestamp>Wed Mar 15 09:13:44 2023</timestamp>
		<arg name='module'>/glob/development-tools/versions/oneapi/2023.0.1/oneapi/compiler/2023.0.0/linux/lib/libpi_level_zero.so</arg>
		<arg name='basement'>0x7fc76b18f000</arg>
		<arg name='ceiling'>0x7fc76b2b44cf</arg>
		<arg name='symtab'>yes</arg>
	</msg>
	<!-- Instrumenting image: id = 17, name = /glob/development-tools/versions/oneapi/2023.0.1/oneapi/compiler/2023.0.0/linux/lib/libpi_level_zero.so -->
	<!-- Update image info for [18:0x7FC76AFF1000:NN] /lib/x86_64-linux-gnu/libze_loader.so.1 -->
	<msg id='20' display='false' source='trc'>
		<type>LOAD_MODULE</type>
		<severity>INFO</severity>
		<timestamp>Wed Mar 15 09:13:44 2023</timestamp>
		<arg name='module'>/lib/x86_64-linux-gnu/libze_loader.so.1</arg>
		<arg name='basement'>0x7fc76aff1000</arg>
		<arg name='ceiling'>0x7fc76b036307</arg>
		<arg name='symtab'>no</arg>
	</msg>
	<!-- Instrumentation of /lib/x86_64-linux-gnu/libze_loader.so.1 image skipped because of no symbols and stripped binaries profiling is disabled. -->
	<!-- Update image info for [19:0x7FC769DEC000:YN] /glob/development-tools/versions/oneapi/2023.0.1/oneapi/compiler/2023.0.0/linux/lib/x64/libintelocl_emu.so -->
	<msg id='21' display='false' source='trc'>
		<type>LOAD_MODULE</type>
		<severity>INFO</severity>
		<timestamp>Wed Mar 15 09:13:44 2023</timestamp>
		<arg name='module'>/glob/development-tools/versions/oneapi/2023.0.1/oneapi/compiler/2023.0.0/linux/lib/x64/libintelocl_emu.so</arg>
		<arg name='basement'>0x7fc769dec000</arg>
		<arg name='ceiling'>0x7fc76a441c19</arg>
		<arg name='symtab'>yes</arg>
	</msg>
	<!-- Instrumenting image: id = 19, name = /glob/development-tools/versions/oneapi/2023.0.1/oneapi/compiler/2023.0.0/linux/lib/x64/libintelocl_emu.so -->
	<!-- skipping routine "__itt_sync_acquired_init_3_0", reason cannot build control-flow graph (HasDynamicJumps) -->
	<!-- skipping routine "Intel::OpenCL::Framework::PlatformModule::InitDevices", reason cannot build control-flow graph (HasDynamicJumps) -->
	<!-- skipping routine "Intel::OpenCL::Framework::PlatformModule::Initialize", reason cannot build control-flow graph (HasDynamicJumps) -->
	<!-- Update image info for [20:0x7FC769C9C000:YN] /glob/development-tools/versions/oneapi/2023.0.1/oneapi/compiler/2023.0.0/linux/lib/x64/libtask_executor_emu.so.2022.15.12.0 -->
	<msg id='22' display='false' source='trc'>
		<type>LOAD_MODULE</type>
		<severity>INFO</severity>
		<timestamp>Wed Mar 15 09:13:44 2023</timestamp>
		<arg name='module'>/glob/development-tools/versions/oneapi/2023.0.1/oneapi/compiler/2023.0.0/linux/lib/x64/libtask_executor_emu.so.2022.15.12.0</arg>
		<arg name='basement'>0x7fc769c9c000</arg>
		<arg name='ceiling'>0x7fc769deaa2f</arg>
		<arg name='symtab'>yes</arg>
	</msg>
	<!-- Instrumentation of /glob/development-tools/versions/oneapi/2023.0.1/oneapi/compiler/2023.0.0/linux/lib/x64/libtask_executor_emu.so.2022.15.12.0 image skipped because of filter conditions [cs-mode]. -->
	<!-- Update image info for [21:0x7FC769B70000:YN] /glob/development-tools/versions/oneapi/2023.0.1/oneapi/compiler/2023.0.0/linux/lib/x64/libcl_logger_emu.so.2022.15.12.0 -->
	<msg id='23' display='false' source='trc'>
		<type>LOAD_MODULE</type>
		<severity>INFO</severity>
		<timestamp>Wed Mar 15 09:13:44 2023</timestamp>
		<arg name='module'>/glob/development-tools/versions/oneapi/2023.0.1/oneapi/compiler/2023.0.0/linux/lib/x64/libcl_logger_emu.so.2022.15.12.0</arg>
		<arg name='basement'>0x7fc769b70000</arg>
		<arg name='ceiling'>0x7fc769c9b29f</arg>
		<arg name='symtab'>yes</arg>
	</msg>
	<!-- Instrumentation of /glob/development-tools/versions/oneapi/2023.0.1/oneapi/compiler/2023.0.0/linux/lib/x64/libcl_logger_emu.so.2022.15.12.0 image skipped because of filter conditions [cs-mode]. -->
	<!-- Update image info for [22:0x7FC769AA0000:NN] /lib/x86_64-linux-gnu/libz.so.1 -->
	<msg id='24' display='false' source='trc'>
		<type>LOAD_MODULE</type>
		<severity>INFO</severity>
		<timestamp>Wed Mar 15 09:13:44 2023</timestamp>
		<arg name='module'>/lib/x86_64-linux-gnu/libz.so.1</arg>
		<arg name='basement'>0x7fc769aa0000</arg>
		<arg name='ceiling'>0x7fc769abb0b7</arg>
		<arg name='symtab'>no</arg>
	</msg>
	<!-- Instrumentation of /lib/x86_64-linux-gnu/libz.so.1 image skipped because of filter conditions [cs-mode]. -->
	<!-- Update image info for [23:0x7FC769A74000:NN] /lib/x86_64-linux-gnu/librt.so.1 -->
	<msg id='25' display='false' source='trc'>
		<type>LOAD_MODULE</type>
		<severity>INFO</severity>
		<timestamp>Wed Mar 15 09:13:44 2023</timestamp>
		<arg name='module'>/lib/x86_64-linux-gnu/librt.so.1</arg>
		<arg name='basement'>0x7fc769a74000</arg>
		<arg name='ceiling'>0x7fc769a7dbdf</arg>
		<arg name='symtab'>no</arg>
	</msg>
	<!-- Instrumentation of /lib/x86_64-linux-gnu/librt.so.1 image skipped because of filter conditions [cs-mode]. -->
	<!-- Update image info for [24:0x7FC7697C9000:YN] /glob/development-tools/versions/oneapi/2023.0.1/oneapi/tbb/2021.8.0/env/../lib/intel64/gcc4.8/libtbb.so.12 -->
	<msg id='26' display='false' source='trc'>
		<type>LOAD_MODULE</type>
		<severity>INFO</severity>
		<timestamp>Wed Mar 15 09:13:44 2023</timestamp>
		<arg name='module'>/glob/development-tools/versions/oneapi/2023.0.1/oneapi/tbb/2021.8.0/env/../lib/intel64/gcc4.8/libtbb.so.12</arg>
		<arg name='basement'>0x7fc7697c9000</arg>
		<arg name='ceiling'>0x7fc769a403bf</arg>
		<arg name='symtab'>yes</arg>
	</msg>
	<!-- Instrumentation of /glob/development-tools/versions/oneapi/2023.0.1/oneapi/tbb/2021.8.0/env/../lib/intel64/gcc4.8/libtbb.so.12 image skipped because of filter conditions [cs-mode]. -->
	<!-- Update image info for [25:0x7FC76956D000:YN] /glob/development-tools/versions/oneapi/2023.0.1/oneapi/tbb/2021.8.0/env/../lib/intel64/gcc4.8/libtbbmalloc.so.2 -->
	<msg id='27' display='false' source='trc'>
		<type>LOAD_MODULE</type>
		<severity>INFO</severity>
		<timestamp>Wed Mar 15 09:13:44 2023</timestamp>
		<arg name='module'>/glob/development-tools/versions/oneapi/2023.0.1/oneapi/tbb/2021.8.0/env/../lib/intel64/gcc4.8/libtbbmalloc.so.2</arg>
		<arg name='basement'>0x7fc76956d000</arg>
		<arg name='ceiling'>0x7fc7697c817f</arg>
		<arg name='symtab'>yes</arg>
	</msg>
	<!-- Instrumentation of /glob/development-tools/versions/oneapi/2023.0.1/oneapi/tbb/2021.8.0/env/../lib/intel64/gcc4.8/libtbbmalloc.so.2 image skipped because of filter conditions [cs-mode]. -->
	<!-- Update image info for [26:0x7FC765E25000:NN] /glob/development-tools/versions/oneapi/2023.0.1/oneapi/advisor/2023.0.0/lib64/runtime/libittnotify.so -->
	<msg id='28' display='false' source='trc'>
		<type>LOAD_MODULE</type>
		<severity>INFO</severity>
		<timestamp>Wed Mar 15 09:13:44 2023</timestamp>
		<arg name='module'>/glob/development-tools/versions/oneapi/2023.0.1/oneapi/advisor/2023.0.0/lib64/runtime/libittnotify.so</arg>
		<arg name='basement'>0x7fc765e25000</arg>
		<arg name='ceiling'>0x7fc76603165f</arg>
		<arg name='symtab'>no</arg>
	</msg>
	<!-- __itt_pause was instrumented -->
	<!-- __itt_resume was instrumented -->
	<!-- __itt_metadata_add was instrumented -->
	<!-- Instrumentation of /glob/development-tools/versions/oneapi/2023.0.1/oneapi/advisor/2023.0.0/lib64/runtime/libittnotify.so image skipped because of filter conditions [cs-mode]. -->
	<!-- Update image info for [27:0x7FC7658F5000:YN] /glob/development-tools/versions/oneapi/2023.0.1/oneapi/compiler/2023.0.0/linux/lib/x64/libcpu_device_emu.so.2022.15.12.0 -->
	<msg id='29' display='false' source='trc'>
		<type>LOAD_MODULE</type>
		<severity>INFO</severity>
		<timestamp>Wed Mar 15 09:13:44 2023</timestamp>
		<arg name='module'>/glob/development-tools/versions/oneapi/2023.0.1/oneapi/compiler/2023.0.0/linux/lib/x64/libcpu_device_emu.so.2022.15.12.0</arg>
		<arg name='basement'>0x7fc7658f5000</arg>
		<arg name='ceiling'>0x7fc765a66c4f</arg>
		<arg name='symtab'>yes</arg>
	</msg>
	<!-- Instrumentation of /glob/development-tools/versions/oneapi/2023.0.1/oneapi/compiler/2023.0.0/linux/lib/x64/libcpu_device_emu.so.2022.15.12.0 image skipped because of filter conditions [cs-mode]. -->
	<!-- Update image info for [28:0x7FC7608EF000:YN] /glob/development-tools/versions/oneapi/2023.0.1/oneapi/compiler/2023.0.0/linux/lib/oclfpga/host/linux64/lib/libalteracl.so -->
	<msg id='30' display='false' source='trc'>
		<type>LOAD_MODULE</type>
		<severity>INFO</severity>
		<timestamp>Wed Mar 15 09:13:45 2023</timestamp>
		<arg name='module'>/glob/development-tools/versions/oneapi/2023.0.1/oneapi/compiler/2023.0.0/linux/lib/oclfpga/host/linux64/lib/libalteracl.so</arg>
		<arg name='basement'>0x7fc7608ef000</arg>
		<arg name='ceiling'>0x7fc764e5506f</arg>
		<arg name='symtab'>yes</arg>
	</msg>
	<!-- Instrumenting image: id = 28, name = /glob/development-tools/versions/oneapi/2023.0.1/oneapi/compiler/2023.0.0/linux/lib/oclfpga/host/linux64/lib/libalteracl.so -->
	<!-- Update image info for [29:0x7FC7606D9000:YN] /glob/development-tools/versions/oneapi/2023.0.1/oneapi/compiler/2023.0.0/linux/lib/oclfpga/host/linux64/lib/libelf.so.0 -->
	<msg id='31' display='false' source='trc'>
		<type>LOAD_MODULE</type>
		<severity>INFO</severity>
		<timestamp>Wed Mar 15 09:13:45 2023</timestamp>
		<arg name='module'>/glob/development-tools/versions/oneapi/2023.0.1/oneapi/compiler/2023.0.0/linux/lib/oclfpga/host/linux64/lib/libelf.so.0</arg>
		<arg name='basement'>0x7fc7606d9000</arg>
		<arg name='ceiling'>0x7fc7608eeb0f</arg>
		<arg name='symtab'>yes</arg>
	</msg>
	<!-- Instrumentation of /glob/development-tools/versions/oneapi/2023.0.1/oneapi/compiler/2023.0.0/linux/lib/oclfpga/host/linux64/lib/libelf.so.0 image skipped because of filter conditions [cs-mode]. -->
	<msg id='32' display='false' source='trc'>
		<type>UNLOAD_MODULE</type>
		<severity>INFO</severity>
		<timestamp>Wed Mar 15 09:13:45 2023</timestamp>
		<arg name='module'>/glob/development-tools/versions/oneapi/2023.0.1/oneapi/compiler/2023.0.0/linux/lib/oclfpga/host/linux64/lib/libalteracl.so</arg>
	</msg>
	<msg id='33' display='false' source='trc'>
		<type>UNLOAD_MODULE</type>
		<severity>INFO</severity>
		<timestamp>Wed Mar 15 09:13:45 2023</timestamp>
		<arg name='module'>/glob/development-tools/versions/oneapi/2023.0.1/oneapi/compiler/2023.0.0/linux/lib/oclfpga/host/linux64/lib/libelf.so.0</arg>
	</msg>
	<!-- Update image info for [30:0x7FC764792000:YN] /glob/development-tools/versions/oneapi/2023.0.1/oneapi/compiler/2023.0.0/linux/lib/x64/libintelocl.so -->
	<msg id='34' display='false' source='trc'>
		<type>LOAD_MODULE</type>
		<severity>INFO</severity>
		<timestamp>Wed Mar 15 09:13:45 2023</timestamp>
		<arg name='module'>/glob/development-tools/versions/oneapi/2023.0.1/oneapi/compiler/2023.0.0/linux/lib/x64/libintelocl.so</arg>
		<arg name='basement'>0x7fc764792000</arg>
		<arg name='ceiling'>0x7fc764de7c09</arg>
		<arg name='symtab'>yes</arg>
	</msg>
	<!-- Instrumentation of /glob/development-tools/versions/oneapi/2023.0.1/oneapi/compiler/2023.0.0/linux/lib/x64/libintelocl.so image skipped because of filter conditions. -->
	<!-- Update image info for [31:0x7FC764643000:YN] /glob/development-tools/versions/oneapi/2023.0.1/oneapi/compiler/2023.0.0/linux/lib/x64/libtask_executor.so.2022.15.12.0 -->
	<msg id='35' display='false' source='trc'>
		<type>LOAD_MODULE</type>
		<severity>INFO</severity>
		<timestamp>Wed Mar 15 09:13:45 2023</timestamp>
		<arg name='module'>/glob/development-tools/versions/oneapi/2023.0.1/oneapi/compiler/2023.0.0/linux/lib/x64/libtask_executor.so.2022.15.12.0</arg>
		<arg name='basement'>0x7fc764643000</arg>
		<arg name='ceiling'>0x7fc764791a1f</arg>
		<arg name='symtab'>yes</arg>
	</msg>
	<!-- Instrumentation of /glob/development-tools/versions/oneapi/2023.0.1/oneapi/compiler/2023.0.0/linux/lib/x64/libtask_executor.so.2022.15.12.0 image skipped because of filter conditions [cs-mode]. -->
	<!-- Update image info for [32:0x7FC764517000:YN] /glob/development-tools/versions/oneapi/2023.0.1/oneapi/compiler/2023.0.0/linux/lib/x64/libcl_logger.so.2022.15.12.0 -->
	<msg id='36' display='false' source='trc'>
		<type>LOAD_MODULE</type>
		<severity>INFO</severity>
		<timestamp>Wed Mar 15 09:13:45 2023</timestamp>
		<arg name='module'>/glob/development-tools/versions/oneapi/2023.0.1/oneapi/compiler/2023.0.0/linux/lib/x64/libcl_logger.so.2022.15.12.0</arg>
		<arg name='basement'>0x7fc764517000</arg>
		<arg name='ceiling'>0x7fc76464229f</arg>
		<arg name='symtab'>yes</arg>
	</msg>
	<!-- Instrumentation of /glob/development-tools/versions/oneapi/2023.0.1/oneapi/compiler/2023.0.0/linux/lib/x64/libcl_logger.so.2022.15.12.0 image skipped because of filter conditions [cs-mode]. -->
	<!-- Update image info for [33:0x7FC762D92000:YN] /glob/development-tools/versions/oneapi/2023.0.1/oneapi/compiler/2023.0.0/linux/lib/x64/libcpu_device.so.2022.15.12.0 -->
	<msg id='37' display='false' source='trc'>
		<type>LOAD_MODULE</type>
		<severity>INFO</severity>
		<timestamp>Wed Mar 15 09:13:45 2023</timestamp>
		<arg name='module'>/glob/development-tools/versions/oneapi/2023.0.1/oneapi/compiler/2023.0.0/linux/lib/x64/libcpu_device.so.2022.15.12.0</arg>
		<arg name='basement'>0x7fc762d92000</arg>
		<arg name='ceiling'>0x7fc762f03c3f</arg>
		<arg name='symtab'>yes</arg>
	</msg>
	<!-- Instrumentation of /glob/development-tools/versions/oneapi/2023.0.1/oneapi/compiler/2023.0.0/linux/lib/x64/libcpu_device.so.2022.15.12.0 image skipped because of filter conditions [cs-mode]. -->
	<!-- Update image info for [34:0x7FC761A7A000:NN] /usr/lib/x86_64-linux-gnu/intel-opencl/libigdrcl.so -->
	<msg id='38' display='false' source='trc'>
		<type>LOAD_MODULE</type>
		<severity>INFO</severity>
		<timestamp>Wed Mar 15 09:13:45 2023</timestamp>
		<arg name='module'>/usr/lib/x86_64-linux-gnu/intel-opencl/libigdrcl.so</arg>
		<arg name='basement'>0x7fc761a7a000</arg>
		<arg name='ceiling'>0x7fc762518337</arg>
		<arg name='symtab'>no</arg>
	</msg>
	<!-- Instrumentation of /usr/lib/x86_64-linux-gnu/intel-opencl/libigdrcl.so image skipped because of filter conditions. -->
	<!-- Update image info for [35:0x7FC7619D9000:NN] /lib/x86_64-linux-gnu/libigdgmm.so.12 -->
	<msg id='39' display='false' source='trc'>
		<type>LOAD_MODULE</type>
		<severity>INFO</severity>
		<timestamp>Wed Mar 15 09:13:45 2023</timestamp>
		<arg name='module'>/lib/x86_64-linux-gnu/libigdgmm.so.12</arg>
		<arg name='basement'>0x7fc7619d9000</arg>
		<arg name='ceiling'>0x7fc761a6ace7</arg>
		<arg name='symtab'>no</arg>
	</msg>
	<!-- Instrumentation of /lib/x86_64-linux-gnu/libigdgmm.so.12 image skipped because of filter conditions [cs-mode]. -->
	<!-- Update image info for [36:0x7FC75D452000:NN] /lib/x86_64-linux-gnu/libigdfcl.so.1 -->
	<msg id='40' display='false' source='trc'>
		<type>LOAD_MODULE</type>
		<severity>INFO</severity>
		<timestamp>Wed Mar 15 09:13:46 2023</timestamp>
		<arg name='module'>/lib/x86_64-linux-gnu/libigdfcl.so.1</arg>
		<arg name='basement'>0x7fc75d452000</arg>
		<arg name='ceiling'>0x7fc75d5f5d9f</arg>
		<arg name='symtab'>no</arg>
	</msg>
	<!-- Instrumentation of /lib/x86_64-linux-gnu/libigdfcl.so.1 image skipped because of filter conditions [cs-mode]. -->
	<!-- Update image info for [37:0x7FC7538DE000:NN] /lib/x86_64-linux-gnu/libopencl-clang.so.11 -->
	<msg id='41' display='false' source='trc'>
		<type>LOAD_MODULE</type>
		<severity>INFO</severity>
		<timestamp>Wed Mar 15 09:13:46 2023</timestamp>
		<arg name='module'>/lib/x86_64-linux-gnu/libopencl-clang.so.11</arg>
		<arg name='basement'>0x7fc7538de000</arg>
		<arg name='ceiling'>0x7fc757fff967</arg>
		<arg name='symtab'>no</arg>
	</msg>
	<!-- Instrumentation of /lib/x86_64-linux-gnu/libopencl-clang.so.11 image skipped because of filter conditions [cs-mode]. -->
	<!-- Update image info for [38:0x7FC745F87000:NN] /lib/x86_64-linux-gnu/libigc.so.1 -->
	<msg id='42' display='false' source='trc'>
		<type>LOAD_MODULE</type>
		<severity>INFO</severity>
		<timestamp>Wed Mar 15 09:13:46 2023</timestamp>
		<arg name='module'>/lib/x86_64-linux-gnu/libigc.so.1</arg>
		<arg name='basement'>0x7fc745f87000</arg>
		<arg name='ceiling'>0x7fc74aaf52e7</arg>
		<arg name='symtab'>no</arg>
	</msg>
	<!-- Instrumentation of /lib/x86_64-linux-gnu/libigc.so.1 image skipped because of filter conditions. -->
	<!-- Update image info for [39:0x7FC750FD0000:NN] /lib/x86_64-linux-gnu/libva.so.2 -->
	<msg id='43' display='false' source='trc'>
		<type>LOAD_MODULE</type>
		<severity>INFO</severity>
		<timestamp>Wed Mar 15 09:13:47 2023</timestamp>
		<arg name='module'>/lib/x86_64-linux-gnu/libva.so.2</arg>
		<arg name='basement'>0x7fc750fd0000</arg>
		<arg name='ceiling'>0x7fc750ffc9bf</arg>
		<arg name='symtab'>no</arg>
	</msg>
	<!-- Instrumentation of /lib/x86_64-linux-gnu/libva.so.2 image skipped because of filter conditions [cs-mode]. -->
	<msg id='44' display='false' source='trc'>
		<type>UNLOAD_MODULE</type>
		<severity>INFO</severity>
		<timestamp>Wed Mar 15 09:13:47 2023</timestamp>
		<arg name='module'>/lib/x86_64-linux-gnu/libva.so.2</arg>
	</msg>
	<!-- Update image info for [40:0x7FC74F579000:NN] /lib/x86_64-linux-gnu/libze_intel_gpu.so.1 -->
	<msg id='45' display='false' source='trc'>
		<type>LOAD_MODULE</type>
		<severity>INFO</severity>
		<timestamp>Wed Mar 15 09:13:47 2023</timestamp>
		<arg name='module'>/lib/x86_64-linux-gnu/libze_intel_gpu.so.1</arg>
		<arg name='basement'>0x7fc74f579000</arg>
		<arg name='ceiling'>0x7fc74ff77bb7</arg>
		<arg name='symtab'>no</arg>
	</msg>
	<!-- Instrumentation of /lib/x86_64-linux-gnu/libze_intel_gpu.so.1 image skipped because of no symbols and stripped binaries profiling is disabled. -->
	<msg id='46' display='false' source='trc'>
		<type>UNLOAD_MODULE</type>
		<severity>INFO</severity>
		<timestamp>Wed Mar 15 09:14:05 2023</timestamp>
		<arg name='module'>/home/u185693/test_folder/oneAPI-samples/DirectProgramming/C++SYCL/N-BodyMethods/Nbody/build/src/nbody</arg>
	</msg>
	<msg id='47' display='false' source='trc'>
		<type>UNLOAD_MODULE</type>
		<severity>INFO</severity>
		<timestamp>Wed Mar 15 09:14:05 2023</timestamp>
		<arg name='module'>/lib64/ld-linux-x86-64.so.2</arg>
	</msg>
	<msg id='48' display='false' source='trc'>
		<type>UNLOAD_MODULE</type>
		<severity>INFO</severity>
		<timestamp>Wed Mar 15 09:14:05 2023</timestamp>
		<arg name='module'>[vdso]</arg>
	</msg>
	<msg id='49' display='false' source='trc'>
		<type>UNLOAD_MODULE</type>
		<severity>INFO</severity>
		<timestamp>Wed Mar 15 09:14:05 2023</timestamp>
		<arg name='module'>/glob/development-tools/versions/oneapi/2023.0.1/oneapi/compiler/2023.0.0/linux/lib/libOpenCL.so.1</arg>
	</msg>
	<msg id='50' display='false' source='trc'>
		<type>UNLOAD_MODULE</type>
		<severity>INFO</severity>
		<timestamp>Wed Mar 15 09:14:05 2023</timestamp>
		<arg name='module'>/glob/development-tools/versions/oneapi/2023.0.1/oneapi/compiler/2023.0.0/linux/lib/libsycl.so.6</arg>
	</msg>
	<msg id='51' display='false' source='trc'>
		<type>UNLOAD_MODULE</type>
		<severity>INFO</severity>
		<timestamp>Wed Mar 15 09:14:05 2023</timestamp>
		<arg name='module'>/lib/x86_64-linux-gnu/libstdc++.so.6</arg>
	</msg>
	<msg id='52' display='false' source='trc'>
		<type>UNLOAD_MODULE</type>
		<severity>INFO</severity>
		<timestamp>Wed Mar 15 09:14:05 2023</timestamp>
		<arg name='module'>/lib/x86_64-linux-gnu/libm.so.6</arg>
	</msg>
	<msg id='53' display='false' source='trc'>
		<type>UNLOAD_MODULE</type>
		<severity>INFO</severity>
		<timestamp>Wed Mar 15 09:14:05 2023</timestamp>
		<arg name='module'>/lib/x86_64-linux-gnu/libgcc_s.so.1</arg>
	</msg>
	<msg id='54' display='false' source='trc'>
		<type>UNLOAD_MODULE</type>
		<severity>INFO</severity>
		<timestamp>Wed Mar 15 09:14:05 2023</timestamp>
		<arg name='module'>/lib/x86_64-linux-gnu/libdl.so.2</arg>
	</msg>
	<msg id='55' display='false' source='trc'>
		<type>UNLOAD_MODULE</type>
		<severity>INFO</severity>
		<timestamp>Wed Mar 15 09:14:05 2023</timestamp>
		<arg name='module'>/lib/x86_64-linux-gnu/libc.so.6</arg>
	</msg>
	<msg id='56' display='false' source='trc'>
		<type>UNLOAD_MODULE</type>
		<severity>INFO</severity>
		<timestamp>Wed Mar 15 09:14:05 2023</timestamp>
		<arg name='module'>/glob/development-tools/versions/oneapi/2023.0.1/oneapi/compiler/2023.0.0/linux/compiler/lib/intel64_lin/libsvml.so</arg>
	</msg>
	<msg id='57' display='false' source='trc'>
		<type>UNLOAD_MODULE</type>
		<severity>INFO</severity>
		<timestamp>Wed Mar 15 09:14:05 2023</timestamp>
		<arg name='module'>/glob/development-tools/versions/oneapi/2023.0.1/oneapi/compiler/2023.0.0/linux/compiler/lib/intel64_lin/libirng.so</arg>
	</msg>
	<msg id='58' display='false' source='trc'>
		<type>UNLOAD_MODULE</type>
		<severity>INFO</severity>
		<timestamp>Wed Mar 15 09:14:05 2023</timestamp>
		<arg name='module'>/glob/development-tools/versions/oneapi/2023.0.1/oneapi/compiler/2023.0.0/linux/compiler/lib/intel64_lin/libimf.so</arg>
	</msg>
	<msg id='59' display='false' source='trc'>
		<type>UNLOAD_MODULE</type>
		<severity>INFO</severity>
		<timestamp>Wed Mar 15 09:14:05 2023</timestamp>
		<arg name='module'>/glob/development-tools/versions/oneapi/2023.0.1/oneapi/compiler/2023.0.0/linux/compiler/lib/intel64_lin/libintlc.so.5</arg>
	</msg>
	<msg id='60' display='false' source='trc'>
		<type>UNLOAD_MODULE</type>
		<severity>INFO</severity>
		<timestamp>Wed Mar 15 09:14:05 2023</timestamp>
		<arg name='module'>/lib/x86_64-linux-gnu/libpthread.so.0</arg>
	</msg>
	<msg id='61' display='false' source='trc'>
		<type>UNLOAD_MODULE</type>
		<severity>INFO</severity>
		<timestamp>Wed Mar 15 09:14:05 2023</timestamp>
		<arg name='module'>/glob/development-tools/versions/oneapi/2023.0.1/oneapi/compiler/2023.0.0/linux/lib/libpi_opencl.so</arg>
	</msg>
	<msg id='62' display='false' source='trc'>
		<type>UNLOAD_MODULE</type>
		<severity>INFO</severity>
		<timestamp>Wed Mar 15 09:14:05 2023</timestamp>
		<arg name='module'>/glob/development-tools/versions/oneapi/2023.0.1/oneapi/compiler/2023.0.0/linux/lib/libpi_level_zero.so</arg>
	</msg>
	<msg id='63' display='false' source='trc'>
		<type>UNLOAD_MODULE</type>
		<severity>INFO</severity>
		<timestamp>Wed Mar 15 09:14:05 2023</timestamp>
		<arg name='module'>/lib/x86_64-linux-gnu/libze_loader.so.1</arg>
	</msg>
	<msg id='64' display='false' source='trc'>
		<type>UNLOAD_MODULE</type>
		<severity>INFO</severity>
		<timestamp>Wed Mar 15 09:14:05 2023</timestamp>
		<arg name='module'>/glob/development-tools/versions/oneapi/2023.0.1/oneapi/compiler/2023.0.0/linux/lib/x64/libintelocl_emu.so</arg>
	</msg>
	<msg id='65' display='false' source='trc'>
		<type>UNLOAD_MODULE</type>
		<severity>INFO</severity>
		<timestamp>Wed Mar 15 09:14:05 2023</timestamp>
		<arg name='module'>/glob/development-tools/versions/oneapi/2023.0.1/oneapi/compiler/2023.0.0/linux/lib/x64/libtask_executor_emu.so.2022.15.12.0</arg>
	</msg>
	<msg id='66' display='false' source='trc'>
		<type>UNLOAD_MODULE</type>
		<severity>INFO</severity>
		<timestamp>Wed Mar 15 09:14:05 2023</timestamp>
		<arg name='module'>/glob/development-tools/versions/oneapi/2023.0.1/oneapi/compiler/2023.0.0/linux/lib/x64/libcl_logger_emu.so.2022.15.12.0</arg>
	</msg>
	<msg id='67' display='false' source='trc'>
		<type>UNLOAD_MODULE</type>
		<severity>INFO</severity>
		<timestamp>Wed Mar 15 09:14:05 2023</timestamp>
		<arg name='module'>/lib/x86_64-linux-gnu/libz.so.1</arg>
	</msg>
	<msg id='68' display='false' source='trc'>
		<type>UNLOAD_MODULE</type>
		<severity>INFO</severity>
		<timestamp>Wed Mar 15 09:14:05 2023</timestamp>
		<arg name='module'>/lib/x86_64-linux-gnu/librt.so.1</arg>
	</msg>
	<msg id='69' display='false' source='trc'>
		<type>UNLOAD_MODULE</type>
		<severity>INFO</severity>
		<timestamp>Wed Mar 15 09:14:05 2023</timestamp>
		<arg name='module'>/glob/development-tools/versions/oneapi/2023.0.1/oneapi/tbb/2021.8.0/env/../lib/intel64/gcc4.8/libtbb.so.12</arg>
	</msg>
	<msg id='70' display='false' source='trc'>
		<type>UNLOAD_MODULE</type>
		<severity>INFO</severity>
		<timestamp>Wed Mar 15 09:14:05 2023</timestamp>
		<arg name='module'>/glob/development-tools/versions/oneapi/2023.0.1/oneapi/tbb/2021.8.0/env/../lib/intel64/gcc4.8/libtbbmalloc.so.2</arg>
	</msg>
	<msg id='71' display='false' source='trc'>
		<type>UNLOAD_MODULE</type>
		<severity>INFO</severity>
		<timestamp>Wed Mar 15 09:14:05 2023</timestamp>
		<arg name='module'>/glob/development-tools/versions/oneapi/2023.0.1/oneapi/advisor/2023.0.0/lib64/runtime/libittnotify.so</arg>
	</msg>
	<msg id='72' display='false' source='trc'>
		<type>UNLOAD_MODULE</type>
		<severity>INFO</severity>
		<timestamp>Wed Mar 15 09:14:05 2023</timestamp>
		<arg name='module'>/glob/development-tools/versions/oneapi/2023.0.1/oneapi/compiler/2023.0.0/linux/lib/x64/libcpu_device_emu.so.2022.15.12.0</arg>
	</msg>
	<msg id='73' display='false' source='trc'>
		<type>UNLOAD_MODULE</type>
		<severity>INFO</severity>
		<timestamp>Wed Mar 15 09:14:05 2023</timestamp>
		<arg name='module'>/glob/development-tools/versions/oneapi/2023.0.1/oneapi/compiler/2023.0.0/linux/lib/x64/libintelocl.so</arg>
	</msg>
	<msg id='74' display='false' source='trc'>
		<type>UNLOAD_MODULE</type>
		<severity>INFO</severity>
		<timestamp>Wed Mar 15 09:14:05 2023</timestamp>
		<arg name='module'>/glob/development-tools/versions/oneapi/2023.0.1/oneapi/compiler/2023.0.0/linux/lib/x64/libtask_executor.so.2022.15.12.0</arg>
	</msg>
	<msg id='75' display='false' source='trc'>
		<type>UNLOAD_MODULE</type>
		<severity>INFO</severity>
		<timestamp>Wed Mar 15 09:14:05 2023</timestamp>
		<arg name='module'>/glob/development-tools/versions/oneapi/2023.0.1/oneapi/compiler/2023.0.0/linux/lib/x64/libcl_logger.so.2022.15.12.0</arg>
	</msg>
	<msg id='76' display='false' source='trc'>
		<type>UNLOAD_MODULE</type>
		<severity>INFO</severity>
		<timestamp>Wed Mar 15 09:14:05 2023</timestamp>
		<arg name='module'>/glob/development-tools/versions/oneapi/2023.0.1/oneapi/compiler/2023.0.0/linux/lib/x64/libcpu_device.so.2022.15.12.0</arg>
	</msg>
	<msg id='77' display='false' source='trc'>
		<type>UNLOAD_MODULE</type>
		<severity>INFO</severity>
		<timestamp>Wed Mar 15 09:14:05 2023</timestamp>
		<arg name='module'>/usr/lib/x86_64-linux-gnu/intel-opencl/libigdrcl.so</arg>
	</msg>
	<msg id='78' display='false' source='trc'>
		<type>UNLOAD_MODULE</type>
		<severity>INFO</severity>
		<timestamp>Wed Mar 15 09:14:05 2023</timestamp>
		<arg name='module'>/lib/x86_64-linux-gnu/libigdgmm.so.12</arg>
	</msg>
	<msg id='79' display='false' source='trc'>
		<type>UNLOAD_MODULE</type>
		<severity>INFO</severity>
		<timestamp>Wed Mar 15 09:14:05 2023</timestamp>
		<arg name='module'>/lib/x86_64-linux-gnu/libigdfcl.so.1</arg>
	</msg>
	<msg id='80' display='false' source='trc'>
		<type>UNLOAD_MODULE</type>
		<severity>INFO</severity>
		<timestamp>Wed Mar 15 09:14:05 2023</timestamp>
		<arg name='module'>/lib/x86_64-linux-gnu/libopencl-clang.so.11</arg>
	</msg>
	<msg id='81' display='false' source='trc'>
		<type>UNLOAD_MODULE</type>
		<severity>INFO</severity>
		<timestamp>Wed Mar 15 09:14:05 2023</timestamp>
		<arg name='module'>/lib/x86_64-linux-gnu/libigc.so.1</arg>
	</msg>
	<msg id='82' display='false' source='trc'>
		<type>UNLOAD_MODULE</type>
		<severity>INFO</severity>
		<timestamp>Wed Mar 15 09:14:05 2023</timestamp>
		<arg name='module'>/lib/x86_64-linux-gnu/libze_intel_gpu.so.1</arg>
	</msg>
	<msg id='83' display='false' source='trc'>
		<type>PROCESS_FINISH</type>
		<severity>INFO</severity>
		<timestamp>Wed Mar 15 09:14:05 2023</timestamp>
		<arg name='process'>/home/u185693/test_folder/oneAPI-samples/DirectProgramming/C++SYCL/N-BodyMethods/Nbody/build/src/nbody</arg>
		<arg name='pid'>498061</arg>
		<arg name='exitcode'>0x0</arg>
	</msg>
	<!-- Application exited with code 0 -->
</log>