11 [140103839896512] INFO perfrun.launcher <> - Launcher main begin
21 [140103839896512] INFO perfrun.launcher <> - MessageCatalogInit finished
21 [140103839896512] INFO perfrun.launcher <> - Launcher instance created
21 [140103839896512] INFO perfrun.launcher <> - argc = 6; cmdline = /glob/development-tools/versions/oneapi/2023.0.1/oneapi/advisor/2023.0.0/bin64/advixe-runss -dump-vdso -r /home/u185693/test_folder/oneAPI-samples/DirectProgramming/C++SYCL/N-BodyMethods/Nbody/advi_results_1/e000/hs000 --tmp-dir /home/u185693/tmp/advixe-tmp-u185693 
92 [140103839896512] INFO perfrun.launcher <> - create msngr2::ICliToolContext
92 [140103839896512] INFO perfrun.launcher <> - create file finder object
93 [140103826548480] INFO perfrun.launcher <> - plugin [remoteplug] was disabled because it doesn't support the given collection type.
93 [140103826548480] INFO perfrun.launcher <> - plugin [system] was disabled because it doesn't support the given collection type.
93 [140103826548480] INFO perfrun.vdso <> - dumping [vdso] pseudomodule
109 [140103826548480] INFO perfrun.launcher <> - plugin [itt] was disabled because it doesn't support the given collection type.
109 [140103826548480] INFO perfrun.launcher <> - plugin [] was disabled because it doesn't support the given collection type.
109 [140103826548480] INFO perfrun.launcher <> - plugin [gpu] was disabled because it doesn't support the given collection type.
109 [140103826548480] INFO perfrun.launcher <> - plugin [] was disabled because it doesn't support the given collection type.
109 [140103826548480] INFO perfrun.launcher <> - plugin [] was disabled because it doesn't support the given collection type.
109 [140103826548480] INFO perfrun.launcher <> - plugin [] was disabled because it doesn't support the given collection type.
109 [140103826548480] INFO perfrun.launcher <> - plugin [mrte] was disabled because it doesn't support the given collection type.
109 [140103826548480] INFO perfrun.launcher <> - plugin [] was disabled because it doesn't support the given collection type.
109 [140103826548480] INFO perfrun.launcher <> - plugin [] was disabled because it doesn't support the given collection type.
109 [140103826548480] INFO perfrun.launcher <> - plugin [] was disabled because it doesn't support the given collection type.
109 [140103826548480] INFO perfrun.launcher <> - plugin [] was disabled because it doesn't support the given collection type.
109 [140103826548480] INFO perfrun.launcher <> - plugin [] was disabled because it doesn't support the given collection type.
109 [140103826548480] INFO perfrun.launcher <> - plugin [] was disabled because it doesn't support the given collection type.
109 [140103826548480] INFO perfrun.launcher <> - plugin [] was disabled because it doesn't support the given collection type.
109 [140103826548480] INFO perfrun.launcher <> - plugin [tpss] was disabled because it doesn't support the given collection type.
109 [140103826548480] INFO perfrun.launcher <> - plugin [] was disabled because it doesn't support the given collection type.
109 [140103826548480] INFO perfrun.launcher <> - plugin [] was disabled because it doesn't support the given collection type.
109 [140103826548480] INFO perfrun.launcher <> - plugin [] was disabled because it doesn't support the given collection type.
109 [140103826548480] INFO perfrun.launcher <> - plugin [] was disabled because it doesn't support the given collection type.
109 [140103826548480] INFO perfrun.launcher <> - plugin [] was disabled because it doesn't support the given collection type.
109 [140103826548480] INFO perfrun.launcher <> - plugin [] was disabled because it doesn't support the given collection type.
109 [140103826548480] INFO perfrun.launcher <> - plugin [] was disabled because it doesn't support the given collection type.
109 [140103826548480] INFO perfrun.launcher <> - plugin [] was disabled because it doesn't support the given collection type.
109 [140103826548480] INFO perfrun.launcher <> - plugin [] was disabled because it doesn't support the given collection type.
109 [140103839896512] INFO perfrun.launcher <> - Application exit code: 0
109 [140103839896512] INFO perfrun.launcher <> - Exit code: 0
